This is pdfTeX, Version 3.14159265-2.6-1.40.17 (TeX Live 2016/Debian) (preloaded format=prv_tese 2017.10.30)  30 OCT 2017 15:34
entering extended mode
 restricted \write18 enabled.
 %&-line parsing enabled.
**&prv_tese _region_.tex
(./_region_.tex
LaTeX2e <2017/01/01> patch level 3
Babel <3.9r> and hyphenation patterns for 83 language(s) loaded.
CUSTOMISED FORMAT. Preloaded files:
        .
 article.cls    2014/09/29 v1.4h Standard LaTeX document class
  size10.clo    2014/09/29 v1.4h Standard LaTeX file (size option)
inputenc.sty    2015/03/17 v1.2c Input encoding file
    utf8.def    2017/01/28 v1.1t UTF-8 support for inputenc
   t1enc.dfu    2017/01/28 v1.1t UTF-8 support for inputenc
  ot1enc.dfu    2017/01/28 v1.1t UTF-8 support for inputenc
  omsenc.dfu    2017/01/28 v1.1t UTF-8 support for inputenc
graphicx.sty    2014/10/28 v1.0g Enhanced LaTeX Graphics (DPC,SPQR)
  keyval.sty    2014/10/28 v1.15 key=value parser (DPC)
graphics.sty    2016/10/09 v1.0u Standard LaTeX Graphics (DPC,SPQR)
    trig.sty    2016/01/03 v1.10 sin cos tan (DPC)
graphics.cfg    2016/06/04 v1.11 sample graphics configuration
   dvips.def    2016/07/10 v3.1a Driver-dependent file (DPC,SPQR)
   float.sty    2001/11/08 v1.3d Float enhancements (AL)
 amsmath.sty    2016/11/05 v2.16a AMS math features
 amstext.sty    2000/06/29 v2.01 AMS text
  amsgen.sty    1999/11/30 v2.0 generic functions
  amsbsy.sty    1999/11/29 v1.2d Bold Symbols
  amsopn.sty    2016/03/08 v2.02 operator names
      bm.sty    2017/01/16 v1.2c Bold Symbol Support (DPC/FMi)
        .
No file _region_.aux.
LaTeX Font Info:    Checking defaults for OML/cmm/m/it on input line 14.
LaTeX Font Info:    ... okay on input line 14.
LaTeX Font Info:    Checking defaults for T1/cmr/m/n on input line 14.
LaTeX Font Info:    ... okay on input line 14.
LaTeX Font Info:    Checking defaults for OT1/cmr/m/n on input line 14.
LaTeX Font Info:    ... okay on input line 14.
LaTeX Font Info:    Checking defaults for OMS/cmsy/m/n on input line 14.
LaTeX Font Info:    ... okay on input line 14.
LaTeX Font Info:    Checking defaults for OMX/cmex/m/n on input line 14.
LaTeX Font Info:    ... okay on input line 14.
LaTeX Font Info:    Checking defaults for U/cmr/m/n on input line 14.
LaTeX Font Info:    ... okay on input line 14.
(/home/joaoeira/.emacs.d/elpa/auctex-11.91.0/latex/preview.sty
Package: preview 2017/04/24 11.91 (AUCTeX/preview-latex)

(/usr/share/texlive/texmf-dist/tex/generic/luatex85/luatex85.sty
Package: luatex85 2016/06/15 v1.4 pdftex aliases for luatex
)
(/home/joaoeira/.emacs.d/elpa/auctex-11.91.0/latex/prtightpage.def
\PreviewBorder=\dimen114
)
(/home/joaoeira/.emacs.d/elpa/auctex-11.91.0/latex/prauctex.def
No auxiliary output files.


\hbadness=\count100
\hfuzz=\dimen115
(/home/joaoeira/.emacs.d/elpa/auctex-11.91.0/latex/prauctex.cfg))
(/home/joaoeira/.emacs.d/elpa/auctex-11.91.0/latex/prfootnotes.def)
\pr@snippet=\count101
\pr@box=\box30
\pr@output=\toks24

Preview: Fontsize 10pt
)  !name(tese.tex) !offset(-3) 
! Preview: Snippet 1 started.
<-><->
      
l.20 \tableofcontents
                     
Not a real error.

Preview: Tightpage -32891 -32891 32891 32891
! Preview: Snippet 1 ended.(647495+0x22609920).
<-><->
      
l.20 \tableofcontents
                     
Not a real error.

[1]
No file _region_.toc.
! Preview: Snippet 2 started.
<-><->
      
l.23 \section
             {Introduction}
Not a real error.

! Preview: Snippet 2 ended.(655359+0x22609920).
<-><->
      
l.23 \section{Introduction}
                           
Not a real error.

[2

]
! Preview: Snippet 3 started.
<-><->
      
l.26 \section
             {Games}
Not a real error.

! Preview: Snippet 3 ended.(647495+0x22609920).
<-><->
      
l.26 \section{Games}
                    
Not a real error.

[3

]
! Preview: Snippet 4 started.
<-><->
      
l.27 \subsection
                {Ultimatum and Dictator games}
Not a real error.

! Preview: Snippet 4 ended.(546132+152916x22609920).
<-><->
      
l.27 \subsection{Ultimatum and Dictator games}
                                              
Not a real error.

[4

]
! Preview: Snippet 5 started.
<-><->
      
l.28 \subsubsection
                   {The Ultimatum game}
Not a real error.

! Preview: Snippet 5 ended.(455111+127431x22609920).
<-><->
      
l.28 \subsubsection{The Ultimatum game}
                                       
Not a real error.

[5

]
! Preview: Snippet 6 started.
<-><->
      
l.29 ...}, is given an integer amount of tokens, $
                                                  x$, by the experimenter an...

Not a real error.

! Preview: Snippet 6 ended.(282168+0x374556).
<-><->
      
l.29 ... is given an integer amount of tokens, $x$
                                                  , by the experimenter and ...

Not a real error.

[6]
! Preview: Snippet 7 started.
<-><->
      
l.31 ...imatum game is one where the payoffs are $
                                                  \left(x-p,p \right)$, wher...

Not a real error.

! Preview: Snippet 7 ended.(491520+163840x2635997).
<-><->
      
l.31 ...here the payoffs are $\left(x-p,p \right)$
                                                  , where $p$ is the lowest ...

Not a real error.

[7]
! Preview: Snippet 8 started.
<-><->
      
l.31 ...payoffs are $\left(x-p,p \right)$, where $
                                                  p$ is the lowest possible ...

Not a real error.

! Preview: Snippet 8 ended.(282168+127431x329728).
<-><->
      
l.31 ...yoffs are $\left(x-p,p \right)$, where $p$
                                                   is the lowest possible de...

Not a real error.

[8]
! Preview: Snippet 9 started.
<-><->
      
l.33 ...ange. Offers that are too generous (i.e. $
                                                  >$50\%) are also rarely se...

Not a real error.

! Preview: Snippet 9 ended.(353303+25623x509726).
<-><->
      
l.33 ...ge. Offers that are too generous (i.e. $>$
                                                  50\%) are also rarely seen...

Not a real error.

[9]
! Preview: Snippet 10 started.
<-><->
      
l.62 \subsubsection
                   {The Dictator game}
Not a real error.

! Preview: Snippet 10 ended.(455111+127431x22609920).
<-><->
      
l.62 \subsubsection{The Dictator game}
                                      
Not a real error.

[10

]
! Preview: Snippet 11 started.
<-><->
      
l.64 ... the proposer is worse off if any amount $
                                                  x>0$ is proposed. If, howe...

Not a real error.

! Preview: Snippet 11 ended.(422343+25623x1576043).
<-><->
      
l.64 ... proposer is worse off if any amount $x>0$
                                                   is proposed. If, however,...

Not a real error.

[11]
! Preview: Snippet 12 started.
<-><->
      
l.70 \begin{figure}
                   [H]
Not a real error.


! LaTeX Error: Unknown float option `H'.

See the LaTeX manual or LaTeX Companion for explanation.
Type  H <return>  for immediate help.
 ...                                              
                                                  
l.70 \begin{figure}[H]
                      
Option `H' ignored and `p' used.


! LaTeX Error: Cannot determine size of graphic in dictatoroffer.png (no Boundi
ngBox).

See the LaTeX manual or LaTeX Companion for explanation.
Type  H <return>  for immediate help.
 ...                                              
                                                  
l.72 ...cs[width=0.8\textwidth]{dictatoroffer.png}
                                                  
Try typing  <return>  to proceed.
If that doesn't work, type  X <return>  to quit.

File: dictatoroffer.png Graphic file (type eps)
<dictatoroffer.png>
! Preview: Snippet 12 ended.(20485072+0x22609920).
<-><->
      
l.75 \end{figure}
                 
Not a real error.

[12


]
! Preview: Snippet 13 started.
<-><->
      
l.81 ...ctions, A and B, with respective payoffs $
                                                  \left(6,1\right)$ and $\le...

Not a real error.

! Preview: Snippet 13 ended.(491520+163840x1456357).
<-><->
      
l.81 ...with respective payoffs $\left(6,1\right)$
                                                   and $\left(5,5\right)$ fo...

Not a real error.

[13]
! Preview: Snippet 14 started.
<-><->
      
l.81 ...espective payoffs $\left(6,1\right)$ and $
                                                  \left(5,5\right)$ for the ...

Not a real error.

! Preview: Snippet 14 ended.(491520+163840x1456357).
<-><->
      
l.81 ... $\left(6,1\right)$ and $\left(5,5\right)$
                                                   for the proposer and rece...

Not a real error.

[14]
! Preview: Snippet 15 started.
<-><->
      
l.81 ...here the payoffs are shown to them to be $
                                                  \left(6,?\right)$ and $\le...

Not a real error.

! Preview: Snippet 15 ended.(491520+163840x1438152).
<-><->
      
l.81 ...are shown to them to be $\left(6,?\right)$
                                                   and $\left(5,?\right)$. A...

Not a real error.

[15]
! Preview: Snippet 16 started.
<-><->
      
l.81 ...own to them to be $\left(6,?\right)$ and $
                                                  \left(5,?\right)$. All sub...

Not a real error.

! Preview: Snippet 16 ended.(491520+163840x1438152).
<-><->
      
l.81 ... $\left(6,?\right)$ and $\left(5,?\right)$
                                                  . All subjects are told th...

Not a real error.

[16]
! Preview: Snippet 17 started.
<-><->
      
l.81 ... A and B are equally likely to be either $
                                                  \left(i\right)\left(6,1\ri...

Not a real error.

! Preview: Snippet 17 ended.(491520+163840x2301087).
<-><->
      
l.81 ...be either $\left(i\right)\left(6,1\right)$
                                                   and $\left(5,5\right)$, o...

Not a real error.

[17]
! Preview: Snippet 18 started.
<-><->
      
l.81 ...her $\left(i\right)\left(6,1\right)$ and $
                                                  \left(5,5\right)$, or $ \l...

Not a real error.

! Preview: Snippet 18 ended.(491520+163840x1456357).
<-><->
      
l.81 ...t)\left(6,1\right)$ and $\left(5,5\right)$
                                                  , or $ \left(ii\right)\lef...

Not a real error.

[18]
! Preview: Snippet 19 started.
<-><->
      
l.81 ...t(6,1\right)$ and $\left(5,5\right)$, or $
                                                   \left(ii\right)\left(6,5\...

Not a real error.

! Preview: Snippet 19 ended.(491520+163840x2526867).
<-><->
      
l.81 ...t)$, or $ \left(ii\right)\left(6,5\right)$
                                                   and $\left(5,1\right)$. T...

Not a real error.

[19]
! Preview: Snippet 20 started.
<-><->
      
l.81 ...r $ \left(ii\right)\left(6,5\right)$ and $
                                                  \left(5,1\right)$. The pro...

Not a real error.

! Preview: Snippet 20 ended.(491520+163840x1456357).
<-><->
      
l.81 ...t)\left(6,5\right)$ and $\left(5,1\right)$
                                                  . The proposer can, costle...

Not a real error.

[20]
! Preview: Snippet 21 started.
<-><->
      
l.83 ... proposer's actions, he will choose B in $
                                                  \left(ii\right)$ and A in ...

Not a real error.

! Preview: Snippet 21 ended.(491520+163840x961286).
<-><->
      
l.83 ...ons, he will choose B in $\left(ii\right)$
                                                   and A in $\left(ii\right)...

Not a real error.

[21]
! Preview: Snippet 22 started.
<-><->
      
l.83 ...l choose B in $\left(ii\right)$ and A in $
                                                  \left(ii\right)$. If inste...

Not a real error.

! Preview: Snippet 22 ended.(491520+163840x961286).
<-><->
      
l.83 ...left(ii\right)$ and A in $\left(ii\right)$
                                                  . If instead inequity aver...

Not a real error.

[22]
! Preview: Snippet 23 started.
<-><->
      
l.91 \subsection
                {Gift exchange and trust games}
Not a real error.

! Preview: Snippet 23 ended.(546132+152916x22609920).
<-><->
      
l.91 \subsection{Gift exchange and trust games}
                                               
Not a real error.

[23

]
! Preview: Snippet 24 started.
<-><->
      
l.92 \subsubsection
                   {The gift exchange game}
Not a real error.

! Preview: Snippet 24 ended.(455111+127431x22609920).
<-><->
      
l.92 \subsubsection{The gift exchange game}
                                           
Not a real error.

[24

]
! Preview: Snippet 25 started.
<-><->
      
l.96 ...firm or a worker. The firm offers a wage $
                                                  w$ to the worker, which th...

Not a real error.

! Preview: Snippet 25 ended.(282168+0x486818).
<-><->
      
l.96 ...rm or a worker. The firm offers a wage $w$
                                                   to the worker, which the ...

Not a real error.

[25]
! Preview: Snippet 26 started.
<-><->
      
l.96 ... worker must now expend an effort level, $
                                                  e$, of his choice.
Not a real error.

! Preview: Snippet 26 ended.(282168+0x305153).
<-><->
      
l.96 ...orker must now expend an effort level, $e$
                                                  , of his choice.
Not a real error.

[26]
! Preview: Snippet 27 started.
<-><->
      
l.98 ... offer the same wage to all its workers, $
                                                  \omega = \bar{\omega}$. Th...

Not a real error.

! Preview: Snippet 27 ended.(372098+0x1736694).
<-><->
      
l.98 ...o all its workers, $\omega = \bar{\omega}$
                                                  . The workers have a utili...

Not a real error.

[27]
! Preview: Snippet 28 started.
<-><->
      
l.98 ...}$. The workers have a utility function, $
                                                  u(\omega,e)$, where $\omeg...

Not a real error.

! Preview: Snippet 28 ended.(491520+163840x1912758).
<-><->
      
l.98 ...ers have a utility function, $u(\omega,e)$
                                                  , where $\omega$ is the wa...

Not a real error.

[28]
! Preview: Snippet 29 started.
<-><->
      
l.98 ...a utility function, $u(\omega,e)$, where $
                                                  \omega$ is the wage rate a...

Not a real error.

! Preview: Snippet 29 ended.(282168+0x431444).
<-><->
      
l.98 ...ty function, $u(\omega,e)$, where $\omega$
                                                   is the wage rate and $e$ ...

Not a real error.

[29]
! Preview: Snippet 30 started.
<-><->
      
l.98 ...e)$, where $\omega$ is the wage rate and $
                                                  e$ is the effort level the...

Not a real error.

! Preview: Snippet 30 ended.(282168+0x305153).
<-><->
      
l.98 ...$, where $\omega$ is the wage rate and $e$
                                                   is the effort level they ...

Not a real error.

[30]
! Preview: Snippet 31 started.
<-><->
      
l.98 ...effort level in exchange for their wage, $
                                                  e_{min}$. Workers, mindful...

Not a real error.

! Preview: Snippet 31 ended.(282168+98303x1312358).
<-><->
      
l.98 ...evel in exchange for their wage, $e_{min}$
                                                  . Workers, mindful of the ...

Not a real error.

[31]
! Preview: Snippet 32 started.
<-><->
      
l.100 \begin{equation}
                      
Not a real error.

! Preview: Snippet 32 ended.(655360+0x22609920).
<-><->
      
l.102 \end{equation}
                    
Not a real error.

[32]
! Preview: Snippet 33 started.
<-><->
      
l.106 \begin{equation}
                      
Not a real error.

! Preview: Snippet 33 ended.(655360+0x22609920).
<-><->
      
l.108 \end{equation}
                    
Not a real error.

[33]
! Preview: Snippet 34 started.
<-><->
      
l.113 \begin{equation}
                      
Not a real error.

! Preview: Snippet 34 ended.(655360+0x22609920).
<-><->
      
l.115 \end{equation}
                    
Not a real error.

[34]
! Preview: Snippet 35 started.
<-><->
      
l.118 ...hoose the lowest effort level possible, $
                                                  e_{min}$. The firm, aware ...

Not a real error.

! Preview: Snippet 35 ended.(282168+98303x1312358).
<-><->
      
l.118 ...e lowest effort level possible, $e_{min}$
                                                  . The firm, aware of this,...

Not a real error.

[35]
! Preview: Snippet 36 started.
<-><->
      
l.118 ...in}$. The firm, aware of this, will set $
                                                  \bar{\omega}$ as low as po...

Not a real error.

! Preview: Snippet 36 ended.(372098+0x431444).
<-><->
      
l.118 ...m, aware of this, will set $\bar{\omega}$
                                                   as low as possible, in an...

Not a real error.

[36]
! Preview: Snippet 37 started.
<-><->
      
l.126 ...fer consists of an incomplete contract, $
                                                  \left ( w_b,e_n \right)$, ...

Not a real error.

! Preview: Snippet 37 ended.(491520+163840x2195301).
<-><->
      
l.126 ...plete contract, $\left ( w_b,e_n \right)$
                                                  , that specifies a \textit...

Not a real error.

[37]
! Preview: Snippet 38 started.
<-><->
      
l.126 ...pecifies a \textit{binding} wage level, $
                                                  w_b$, and a \textit{non-bi...

Not a real error.

! Preview: Snippet 38 ended.(282168+98303x732419).
<-><->
      
l.126 ...fies a \textit{binding} wage level, $w_b$
                                                  , and a \textit{non-bindin...

Not a real error.

[38]
! Preview: Snippet 39 started.
<-><->
      
l.126 ...nd a \textit{non-binding} effort level, $
                                                  e_n$. The choice of the ef...

Not a real error.

! Preview: Snippet 39 ended.(282168+98303x661887).
<-><->
      
l.126 ... \textit{non-binding} effort level, $e_n$
                                                  . The choice of the effort...

Not a real error.

[39]
! Preview: Snippet 40 started.
<-><->
      
l.126 ... by the worker. As expected, the higher $
                                                  e$ is the higher the payof...

Not a real error.

! Preview: Snippet 40 ended.(282168+0x305153).
<-><->
      
l.126 ...y the worker. As expected, the higher $e$
                                                   is the higher the payoff ...

Not a real error.

[40]
! Preview: Snippet 41 started.
<-><->
      
l.155 \subsubsection
                    {The trust game}
Not a real error.

! Preview: Snippet 41 ended.(455111+127431x22609920).
<-><->
      
l.155 \subsubsection{The trust game}
                                    
Not a real error.

[41

]
! Preview: Snippet 42 started.
<-><->
      
l.158 ... endowed with a fixed amount of tokens, $
                                                  x$. The investor must deci...

Not a real error.

! Preview: Snippet 42 ended.(282168+0x374556).
<-><->
      
l.158 ...ndowed with a fixed amount of tokens, $x$
                                                  . The investor must decide...

Not a real error.

[42]
! Preview: Snippet 43 started.
<-><->
      
l.158 ...$x$. The investor must decide an amount $
                                                  i \leq x$ to send, or inve...

Not a real error.

! Preview: Snippet 43 ended.(432226+89110x1474142).
<-><->
      
l.158 ...investor must decide an amount $i \leq x$
                                                   to send, or invest, to th...

Not a real error.

[43]
! Preview: Snippet 44 started.
<-><->
      
l.158 ...tiplies the amount sent by a multiplier $
                                                  m$, meant to capture marke...

Not a real error.

! Preview: Snippet 44 ended.(282168+0x575415).
<-><->
      
l.158 ...plies the amount sent by a multiplier $m$
                                                  , meant to capture market ...

Not a real error.

[44]
! Preview: Snippet 45 started.
<-><->
      
l.158 ...he responder must then return an amount $
                                                  r \leq mi$ back to the inv...

Not a real error.

! Preview: Snippet 45 ended.(432226+89110x1988877).
<-><->
      
l.158 ...er must then return an amount $r \leq mi$
                                                   back to the investor.
Not a real error.

[45]
! Preview: Snippet 46 started.
<-><->
      
l.160 ...avior, decides to not invest any amount $
                                                  i$.
Not a real error.

! Preview: Snippet 46 ended.(432226+0x225780).
<-><->
      
l.160 ...ior, decides to not invest any amount $i$
                                                  .
Not a real error.

[46]
! Preview: Snippet 47 started.
<-><->
      
l.163 \begin{figure}
                    [H]
Not a real error.


! LaTeX Error: Unknown float option `H'.

See the LaTeX manual or LaTeX Companion for explanation.
Type  H <return>  for immediate help.
 ...                                              
                                                  
l.163 \begin{figure}[H]
                       
Option `H' ignored and `p' used.


! LaTeX Error: Cannot determine size of graphic in trustgame.png (no BoundingBo
x).

See the LaTeX manual or LaTeX Companion for explanation.
Type  H <return>  for immediate help.
 ...                                              
                                                  
l.165 ...phics[width=0.6\textwidth]{trustgame.png}
                                                  
Try typing  <return>  to proceed.
If that doesn't work, type  X <return>  to quit.

File: trustgame.png Graphic file (type eps)
<trustgame.png>
! Preview: Snippet 47 ended.(15958947+0x22609920).
<-><->
      
l.168 \end{figure}
                  
Not a real error.

[47


]
! Preview: Snippet 48 started.
<-><->
      
l.170 ...layer 1. The payoffs are, respectively, $
                                                  \left( \$ 0, \$20 \right)$...

Not a real error.

! Preview: Snippet 48 ended.(491520+163840x2439400).
<-><->
      
l.170 ...respectively, $\left( \$ 0, \$20 \right)$
                                                  , and  $\left( \$ 7.5, \$1...

Not a real error.

[48]
! Preview: Snippet 49 started.
<-><->
      
l.170 ...vely, $\left( \$ 0, \$20 \right)$, and  $
                                                  \left( \$ 7.5, \$12.5 \rig...

Not a real error.

! Preview: Snippet 49 ended.(491520+163840x3458852).
<-><->
      
l.170 ...t)$, and  $\left( \$ 7.5, \$12.5 \right)$
                                                  
Not a real error.

[49]
! Preview: Snippet 50 started.
<-><->
      
l.173 ...t to Player 2. Thus, the payoff will be $
                                                  \left (\$5,\$5 \right)$, i...

Not a real error.

! Preview: Snippet 50 ended.(491520+163840x2111719).
<-><->
      
l.173 ...e payoff will be $\left (\$5,\$5 \right)$
                                                  , i.e., both walk out with...

Not a real error.

[50]
! Preview: Snippet 51 started.
<-><->
      
l.177 ...a positive amount sent by the investor, $
                                                  i>0$, and a positive amoun...

Not a real error.

! Preview: Snippet 51 ended.(432226+25623x1427267).
<-><->
      
l.177 ...sitive amount sent by the investor, $i>0$
                                                  , and a positive amount re...

Not a real error.

[51]
! Preview: Snippet 52 started.
<-><->
      
l.177 ...itive amount returned by the responder, $
                                                  r>0$. Figure \ref{fig:turs...

Not a real error.

! Preview: Snippet 52 ended.(422343+25623x1515363).
<-><->
      
l.177 ...e amount returned by the responder, $r>0$
                                                  . Figure \ref{fig:turst1} ...

Not a real error.

[52]

LaTeX Warning: Reference `fig:turst1' on page 8 undefined on input line 177.

! Preview: Snippet 53 started.
<-><->
      
l.182 \begin{figure}
                    [h]
Not a real error.


! LaTeX Error: Cannot determine size of graphic in figure_trust1.png (no Boundi
ngBox).

See the LaTeX manual or LaTeX Companion for explanation.
Type  H <return>  for immediate help.
 ...                                              
                                                  
l.184 ...ics[width=1\textwidth]{figure_trust1.png}
                                                  
Try typing  <return>  to proceed.
If that doesn't work, type  X <return>  to quit.

File: figure_trust1.png Graphic file (type eps)
<figure_trust1.png>
! Preview: Snippet 53 ended.(25008234+0x22609920).
<-><->
      
l.187 \end{figure}
                  
Not a real error.

[53


]

LaTeX Warning: `h' float specifier changed to `ht'.

! Preview: Snippet 54 started.
<-><->
      
l.191 \subsection
                 {Public goods games}
Not a real error.

! Preview: Snippet 54 ended.(546132+152916x22609920).
<-><->
      
l.191 \subsection{Public goods games}
                                     
Not a real error.

[54

]
! Preview: Snippet 55 started.
<-><->
      
l.192 \subsubsection
                    {Public goods game without punishments}
Not a real error.

! Preview: Snippet 55 ended.(455111+127431x22609920).
<-><->
      
l.192 ...on{Public goods game without punishments}
                                                  
Not a real error.

[55

]
! Preview: Snippet 56 started.
<-><->
      
l.195 Let's assume a game with $
                                n > 2$ players, each with an initial endowme...

Not a real error.

! Preview: Snippet 56 ended.(422343+25623x1594857).
<-><->
      
l.195 Let's assume a game with $n > 2$
                                       players, each with an initial endowme...

Not a real error.

[56]
! Preview: Snippet 57 started.
<-><->
      
l.195 ...yers, each with an initial endowment of $
                                                  y$ monetary units. Each pl...

Not a real error.

! Preview: Snippet 57 ended.(282168+127431x344824).
<-><->
      
l.195 ...rs, each with an initial endowment of $y$
                                                   monetary units. Each play...

Not a real error.

[57]
! Preview: Snippet 58 started.
<-><->
      
l.195 ...cide on their respective contributions, $
                                                  g_i \geq 0$ to a public go...

Not a real error.

! Preview: Snippet 58 ended.(422343+127431x1732261).
<-><->
      
l.195 ...ir respective contributions, $g_i \geq 0$
                                                   to a public good. The tot...

Not a real error.

[58]
! Preview: Snippet 59 started.
<-><->
      
l.195 ...ribution to the public good is given by $
                                                  G = \sum^n_{i=1} g_i$. The...

Not a real error.

! Preview: Snippet 59 ended.(527024+196611x3602594).
<-><->
      
l.195 ...c good is given by $G = \sum^n_{i=1} g_i$
                                                  . The monetary payoff of e...

Not a real error.

[59]
! Preview: Snippet 60 started.
<-><->
      
l.197 \begin{equation}
                      \label{publicgoods}
Not a real error.

! Preview: Snippet 60 ended.(1315244+0x22609920).
<-><->
      
l.199 \end{equation}
                    
Not a real error.

[60

]
! Preview: Snippet 61 started.
<-><->
      
l.201 where $
             r$ is meant to represent the return, or benefit, to an individu...

Not a real error.

! Preview: Snippet 61 ended.(282168+0x313876).
<-><->
      
l.201 where $r$
                is meant to represent the return, or benefit, to an individu...

Not a real error.

[61]
! Preview: Snippet 62 started.
<-><->
      
l.201 ...of the public good, i.e., we can define $
                                                  r$ as the marginal per cap...

Not a real error.

! Preview: Snippet 62 ended.(282168+0x313876).
<-><->
      
l.201 ... the public good, i.e., we can define $r$
                                                   as the marginal per capit...

Not a real error.

[62]
! Preview: Snippet 63 started.
<-><->
      
l.203 ...will involve \textit{free riding}, i.e, $
                                                  g_i^* = 0$. To see that th...

Not a real error.

! Preview: Snippet 63 ended.(451272+170585x1838870).
<-><->
      
l.203 ...ve \textit{free riding}, i.e, $g_i^* = 0$
                                                  . To see that this is so l...

Not a real error.

[63]
! Preview: Snippet 64 started.
<-><->
      
l.203 ... contributions made by other players be $
                                                  \pmb{g}_{-i}^* = \pmb{0}$....

Not a real error.

! Preview: Snippet 64 ended.(451272+225199x2165371).
<-><->
      
l.203 ...her players be $\pmb{g}_{-i}^* = \pmb{0}$
                                                  . Using \eqref{publicgoods...

Not a real error.

[64]

LaTeX Warning: Reference `publicgoods' on page 9 undefined on input line 203.

! Preview: Snippet 65 started.
<-><->
      
l.205 \begin{equation}
                      
Not a real error.

! Preview: Snippet 65 ended.(1475443+0x22609920).
<-><->
      
l.207 \end{equation}
                    
Not a real error.

[65]
! Preview: Snippet 66 started.
<-><->
      
l.209 ...good, hence the optimal contribution is $
                                                  g_i^* = 0$.
Not a real error.

! Preview: Snippet 66 ended.(451272+170585x1838870).
<-><->
      
l.209 ...e the optimal contribution is $g_i^* = 0$
                                                  .
Not a real error.

[66]
! Preview: Snippet 67 started.
<-><->
      
l.211 ...ayers contributing their full endowment $
                                                  y$, note that, we can find...

Not a real error.

! Preview: Snippet 67 ended.(282168+127431x344824).
<-><->
      
l.211 ...ers contributing their full endowment $y$
                                                  , note that, we can find t...

Not a real error.

[67]
! Preview: Snippet 68 started.
<-><->
      
l.213 \begin{equation}
                      
Not a real error.

! Preview: Snippet 68 ended.(1511856+0x22609920).
<-><->
      
l.215 \end{equation}
                    
Not a real error.

[68]
! Preview: Snippet 69 started.
<-><->
      
l.217 ...xt of this game is their full endowment $
                                                  y$.
Not a real error.

! Preview: Snippet 69 ended.(282168+127431x344824).
<-><->
      
l.217 ... of this game is their full endowment $y$
                                                  .
Not a real error.

[69]
! Preview: Snippet 70 started.
<-><->
      
l.219 \subsubsection
                    {Public goods game with punishments}
Not a real error.

! Preview: Snippet 70 ended.(455111+127431x22609920).
<-><->
      
l.219 ...ction{Public goods game with punishments}
                                                  
Not a real error.

[70

]
! Preview: Snippet 71 started.
<-><->
      
l.221 ...each player chooses a punishment vector $
                                                  \bm{p}_i = \left( p_{i1},....

Not a real error.

! Preview: Snippet 71 ended.(491520+163840x4805247).
<-><->
      
l.221 ...m{p}_i = \left( p_{i1},...,p_{in}\right)$
                                                   where $p_{ij}$ is the pun...

Not a real error.

[71]
! Preview: Snippet 72 started.
<-><->
      
l.221 ... \left( p_{i1},...,p_{in}\right)$ where $
                                                  p_{ij}$ is the punishment ...

Not a real error.

! Preview: Snippet 72 ended.(282168+187504x791288).
<-><->
      
l.221 ... p_{i1},...,p_{in}\right)$ where $p_{ij}$
                                                   is the punishment inflict...

Not a real error.

[72]
! Preview: Snippet 73 started.
<-><->
      
l.221 ...$ is the punishment inflicted by player $
                                                  i$ on player $j$ at a cost...

Not a real error.

! Preview: Snippet 73 ended.(432226+0x225780).
<-><->
      
l.221 ...is the punishment inflicted by player $i$
                                                   on player $j$ at a cost o...

Not a real error.

[73]
! Preview: Snippet 74 started.
<-><->
      
l.221 ...hment inflicted by player $i$ on player $
                                                  j$ at a cost of $c$ per un...

Not a real error.

! Preview: Snippet 74 ended.(432226+127431x307396).
<-><->
      
l.221 ...ent inflicted by player $i$ on player $j$
                                                   at a cost of $c$ per unit...

Not a real error.

[74]
! Preview: Snippet 75 started.
<-><->
      
l.221 ...y player $i$ on player $j$ at a cost of $
                                                  c$ per unit of punishment ...

Not a real error.

! Preview: Snippet 75 ended.(282168+0x283611).
<-><->
      
l.221 ...player $i$ on player $j$ at a cost of $c$
                                                   per unit of punishment an...

Not a real error.

[75]
! Preview: Snippet 76 started.
<-><->
      
l.221 ... cost of $c$ per unit of punishment and $
                                                  0<c<1$.
Not a real error.

! Preview: Snippet 76 ended.(422343+25623x2686585).
<-><->
      
l.221 ...of $c$ per unit of punishment and $0<c<1$
                                                  .
Not a real error.

[76]
! Preview: Snippet 77 started.
<-><->
      
l.223 ...assume a vector of contributions made by$
                                                  n$ players in the first ro...

Not a real error.

! Preview: Snippet 77 ended.(282168+0x393370).
<-><->
      
l.223 ...sume a vector of contributions made by$n$
                                                   players in the first roun...

Not a real error.

[77]
! Preview: Snippet 78 started.
<-><->
      
l.223 ...s made by$n$ players in the first round $
                                                  \left(g_1,g_2,...,g_n\righ...

Not a real error.

! Preview: Snippet 78 ended.(491520+163840x3812166).
<-><->
      
l.223 ...irst round $\left(g_1,g_2,...,g_n\right)$
                                                  . Independently of the vec...

Not a real error.

[78]
! Preview: Snippet 79 started.
<-><->
      
l.223 ...ctor of punishments from other players, $
                                                  \pmb{p_{-i}}$, the payoff ...

Not a real error.

! Preview: Snippet 79 ended.(300372+152917x957515).
<-><->
      
l.223 ...hments from other players, $\pmb{p_{-i}}$
                                                  , the payoff of player $i$...

Not a real error.

[79]
! Preview: Snippet 80 started.
<-><->
      
l.223 ...s, $\pmb{p_{-i}}$, the payoff of player $
                                                  i$ is maximized when $\pmb...

Not a real error.

! Preview: Snippet 80 ended.(432226+0x225780).
<-><->
      
l.223 ... $\pmb{p_{-i}}$, the payoff of player $i$
                                                   is maximized when $\pmb{p...

Not a real error.

[80]
! Preview: Snippet 81 started.
<-><->
      
l.223 ... payoff of player $i$ is maximized when $
                                                  \pmb{p}_i = \pmb{0}$. Henc...

Not a real error.

! Preview: Snippet 81 ended.(440547+127431x1749399).
<-><->
      
l.223 ...$ is maximized when $\pmb{p}_i = \pmb{0}$
                                                  . Hence, it is a dominant ...

Not a real error.

[81]
! Preview: Snippet 82 started.
<-><->
      
l.225 \subsubsection
                    {Empirical evidence}
Not a real error.

! Preview: Snippet 82 ended.(455111+127431x22609920).
<-><->
      
l.225 \subsubsection{Empirical evidence}
                                        
Not a real error.

[82

]
! Preview: Snippet 83 started.
<-><->
      
l.242 \section
              {Experimental Validity}
Not a real error.

! Preview: Snippet 83 ended.(655359+183500x22609920).
<-><->
      
l.242 \section{Experimental Validity}
                                     
Not a real error.

[83

]
! Preview: Snippet 84 started.
<-><->
      
l.246 \section
              {Moddeling Other-Regarding Preferences}
Not a real error.

! Preview: Snippet 84 ended.(655359+183500x22609920).
<-><->
      
l.246 ...on{Moddeling Other-Regarding Preferences}
                                                  
Not a real error.

[84

]
! Preview: Snippet 85 started.
<-><->
      
l.250 \section
              {Altruism in human behavior}
Not a real error.

! Preview: Snippet 85 ended.(655359+0x22609920).
<-><->
      
l.250 \section{Altruism in human behavior}
                                          
Not a real error.

[85

]
! Preview: Snippet 86 started.
<-><->
      
l.255 \section
              {Conclusion}
Not a real error.

! Preview: Snippet 86 ended.(655359+0x22609920).
<-><->
      
l.255 \section{Conclusion}
                          
Not a real error.

[86

]
No file _region_.bbl.
! Preview: Snippet 87 started.
<-><->
      
l.264 \section
              {Appendix}
Not a real error.

! Preview: Snippet 87 ended.(655359+183500x22609920).
<-><->
      
l.264 \section{Appendix}
                        
Not a real error.

[87

]

LaTeX Warning: There were undefined references.

 ) 
Here is how much of TeX's memory you used:
 225 strings out of 491397
 3249 string characters out of 6117627
 85231 words of memory out of 5000000
 5345 multiletter control sequences out of 15000+600000
 15112 words of font info for 53 fonts, out of 8000000 for 9000
 1141 hyphenation exceptions out of 8191
 22i,8n,24p,1667b,298s stack positions out of 5000i,500n,10000p,200000b,80000s

Output written on _region_.dvi (87 pages, 14024 bytes).
