This is pdfTeX, Version 3.14159265-2.6-1.40.16 (TeX Live 2015/Debian) (preloaded format=pdflatex 2017.12.30)  5 MAR 2018 14:25
entering extended mode
 restricted \write18 enabled.
 %&-line parsing enabled.
**tese.tex
(./tese.tex
LaTeX2e <2016/02/01>
Babel <3.9q> and hyphenation patterns for 81 language(s) loaded.
(/usr/share/texlive/texmf-dist/tex/latex/base/article.cls
Document Class: article 2014/09/29 v1.4h Standard LaTeX document class
(/usr/share/texlive/texmf-dist/tex/latex/base/size12.clo
File: size12.clo 2014/09/29 v1.4h Standard LaTeX file (size option)
)
\c@part=\count79
\c@section=\count80
\c@subsection=\count81
\c@subsubsection=\count82
\c@paragraph=\count83
\c@subparagraph=\count84
\c@figure=\count85
\c@table=\count86
\abovecaptionskip=\skip41
\belowcaptionskip=\skip42
\bibindent=\dimen102
)
(/usr/share/texlive/texmf-dist/tex/latex/base/inputenc.sty
Package: inputenc 2015/03/17 v1.2c Input encoding file
\inpenc@prehook=\toks14
\inpenc@posthook=\toks15

(/usr/share/texlive/texmf-dist/tex/latex/base/utf8.def
File: utf8.def 2015/12/03 v1.1r UTF-8 support for inputenc
Now handling font encoding OML ...
... no UTF-8 mapping file for font encoding OML
Now handling font encoding T1 ...
... processing UTF-8 mapping file for font encoding T1

(/usr/share/texlive/texmf-dist/tex/latex/base/t1enc.dfu
File: t1enc.dfu 2015/12/03 v1.1r UTF-8 support for inputenc
   defining Unicode char U+00A0 (decimal 160)
   defining Unicode char U+00A1 (decimal 161)
   defining Unicode char U+00A3 (decimal 163)
   defining Unicode char U+00AB (decimal 171)
   defining Unicode char U+00AD (decimal 173)
   defining Unicode char U+00BB (decimal 187)
   defining Unicode char U+00BF (decimal 191)
   defining Unicode char U+00C0 (decimal 192)
   defining Unicode char U+00C1 (decimal 193)
   defining Unicode char U+00C2 (decimal 194)
   defining Unicode char U+00C3 (decimal 195)
   defining Unicode char U+00C4 (decimal 196)
   defining Unicode char U+00C5 (decimal 197)
   defining Unicode char U+00C6 (decimal 198)
   defining Unicode char U+00C7 (decimal 199)
   defining Unicode char U+00C8 (decimal 200)
   defining Unicode char U+00C9 (decimal 201)
   defining Unicode char U+00CA (decimal 202)
   defining Unicode char U+00CB (decimal 203)
   defining Unicode char U+00CC (decimal 204)
   defining Unicode char U+00CD (decimal 205)
   defining Unicode char U+00CE (decimal 206)
   defining Unicode char U+00CF (decimal 207)
   defining Unicode char U+00D0 (decimal 208)
   defining Unicode char U+00D1 (decimal 209)
   defining Unicode char U+00D2 (decimal 210)
   defining Unicode char U+00D3 (decimal 211)
   defining Unicode char U+00D4 (decimal 212)
   defining Unicode char U+00D5 (decimal 213)
   defining Unicode char U+00D6 (decimal 214)
   defining Unicode char U+00D8 (decimal 216)
   defining Unicode char U+00D9 (decimal 217)
   defining Unicode char U+00DA (decimal 218)
   defining Unicode char U+00DB (decimal 219)
   defining Unicode char U+00DC (decimal 220)
   defining Unicode char U+00DD (decimal 221)
   defining Unicode char U+00DE (decimal 222)
   defining Unicode char U+00DF (decimal 223)
   defining Unicode char U+00E0 (decimal 224)
   defining Unicode char U+00E1 (decimal 225)
   defining Unicode char U+00E2 (decimal 226)
   defining Unicode char U+00E3 (decimal 227)
   defining Unicode char U+00E4 (decimal 228)
   defining Unicode char U+00E5 (decimal 229)
   defining Unicode char U+00E6 (decimal 230)
   defining Unicode char U+00E7 (decimal 231)
   defining Unicode char U+00E8 (decimal 232)
   defining Unicode char U+00E9 (decimal 233)
   defining Unicode char U+00EA (decimal 234)
   defining Unicode char U+00EB (decimal 235)
   defining Unicode char U+00EC (decimal 236)
   defining Unicode char U+00ED (decimal 237)
   defining Unicode char U+00EE (decimal 238)
   defining Unicode char U+00EF (decimal 239)
   defining Unicode char U+00F0 (decimal 240)
   defining Unicode char U+00F1 (decimal 241)
   defining Unicode char U+00F2 (decimal 242)
   defining Unicode char U+00F3 (decimal 243)
   defining Unicode char U+00F4 (decimal 244)
   defining Unicode char U+00F5 (decimal 245)
   defining Unicode char U+00F6 (decimal 246)
   defining Unicode char U+00F8 (decimal 248)
   defining Unicode char U+00F9 (decimal 249)
   defining Unicode char U+00FA (decimal 250)
   defining Unicode char U+00FB (decimal 251)
   defining Unicode char U+00FC (decimal 252)
   defining Unicode char U+00FD (decimal 253)
   defining Unicode char U+00FE (decimal 254)
   defining Unicode char U+00FF (decimal 255)
   defining Unicode char U+0100 (decimal 256)
   defining Unicode char U+0101 (decimal 257)
   defining Unicode char U+0102 (decimal 258)
   defining Unicode char U+0103 (decimal 259)
   defining Unicode char U+0104 (decimal 260)
   defining Unicode char U+0105 (decimal 261)
   defining Unicode char U+0106 (decimal 262)
   defining Unicode char U+0107 (decimal 263)
   defining Unicode char U+0108 (decimal 264)
   defining Unicode char U+0109 (decimal 265)
   defining Unicode char U+010A (decimal 266)
   defining Unicode char U+010B (decimal 267)
   defining Unicode char U+010C (decimal 268)
   defining Unicode char U+010D (decimal 269)
   defining Unicode char U+010E (decimal 270)
   defining Unicode char U+010F (decimal 271)
   defining Unicode char U+0110 (decimal 272)
   defining Unicode char U+0111 (decimal 273)
   defining Unicode char U+0112 (decimal 274)
   defining Unicode char U+0113 (decimal 275)
   defining Unicode char U+0114 (decimal 276)
   defining Unicode char U+0115 (decimal 277)
   defining Unicode char U+0116 (decimal 278)
   defining Unicode char U+0117 (decimal 279)
   defining Unicode char U+0118 (decimal 280)
   defining Unicode char U+0119 (decimal 281)
   defining Unicode char U+011A (decimal 282)
   defining Unicode char U+011B (decimal 283)
   defining Unicode char U+011C (decimal 284)
   defining Unicode char U+011D (decimal 285)
   defining Unicode char U+011E (decimal 286)
   defining Unicode char U+011F (decimal 287)
   defining Unicode char U+0120 (decimal 288)
   defining Unicode char U+0121 (decimal 289)
   defining Unicode char U+0122 (decimal 290)
   defining Unicode char U+0123 (decimal 291)
   defining Unicode char U+0124 (decimal 292)
   defining Unicode char U+0125 (decimal 293)
   defining Unicode char U+0128 (decimal 296)
   defining Unicode char U+0129 (decimal 297)
   defining Unicode char U+012A (decimal 298)
   defining Unicode char U+012B (decimal 299)
   defining Unicode char U+012C (decimal 300)
   defining Unicode char U+012D (decimal 301)
   defining Unicode char U+012E (decimal 302)
   defining Unicode char U+012F (decimal 303)
   defining Unicode char U+0130 (decimal 304)
   defining Unicode char U+0131 (decimal 305)
   defining Unicode char U+0132 (decimal 306)
   defining Unicode char U+0133 (decimal 307)
   defining Unicode char U+0134 (decimal 308)
   defining Unicode char U+0135 (decimal 309)
   defining Unicode char U+0136 (decimal 310)
   defining Unicode char U+0137 (decimal 311)
   defining Unicode char U+0139 (decimal 313)
   defining Unicode char U+013A (decimal 314)
   defining Unicode char U+013B (decimal 315)
   defining Unicode char U+013C (decimal 316)
   defining Unicode char U+013D (decimal 317)
   defining Unicode char U+013E (decimal 318)
   defining Unicode char U+0141 (decimal 321)
   defining Unicode char U+0142 (decimal 322)
   defining Unicode char U+0143 (decimal 323)
   defining Unicode char U+0144 (decimal 324)
   defining Unicode char U+0145 (decimal 325)
   defining Unicode char U+0146 (decimal 326)
   defining Unicode char U+0147 (decimal 327)
   defining Unicode char U+0148 (decimal 328)
   defining Unicode char U+014A (decimal 330)
   defining Unicode char U+014B (decimal 331)
   defining Unicode char U+014C (decimal 332)
   defining Unicode char U+014D (decimal 333)
   defining Unicode char U+014E (decimal 334)
   defining Unicode char U+014F (decimal 335)
   defining Unicode char U+0150 (decimal 336)
   defining Unicode char U+0151 (decimal 337)
   defining Unicode char U+0152 (decimal 338)
   defining Unicode char U+0153 (decimal 339)
   defining Unicode char U+0154 (decimal 340)
   defining Unicode char U+0155 (decimal 341)
   defining Unicode char U+0156 (decimal 342)
   defining Unicode char U+0157 (decimal 343)
   defining Unicode char U+0158 (decimal 344)
   defining Unicode char U+0159 (decimal 345)
   defining Unicode char U+015A (decimal 346)
   defining Unicode char U+015B (decimal 347)
   defining Unicode char U+015C (decimal 348)
   defining Unicode char U+015D (decimal 349)
   defining Unicode char U+015E (decimal 350)
   defining Unicode char U+015F (decimal 351)
   defining Unicode char U+0160 (decimal 352)
   defining Unicode char U+0161 (decimal 353)
   defining Unicode char U+0162 (decimal 354)
   defining Unicode char U+0163 (decimal 355)
   defining Unicode char U+0164 (decimal 356)
   defining Unicode char U+0165 (decimal 357)
   defining Unicode char U+0168 (decimal 360)
   defining Unicode char U+0169 (decimal 361)
   defining Unicode char U+016A (decimal 362)
   defining Unicode char U+016B (decimal 363)
   defining Unicode char U+016C (decimal 364)
   defining Unicode char U+016D (decimal 365)
   defining Unicode char U+016E (decimal 366)
   defining Unicode char U+016F (decimal 367)
   defining Unicode char U+0170 (decimal 368)
   defining Unicode char U+0171 (decimal 369)
   defining Unicode char U+0172 (decimal 370)
   defining Unicode char U+0173 (decimal 371)
   defining Unicode char U+0174 (decimal 372)
   defining Unicode char U+0175 (decimal 373)
   defining Unicode char U+0176 (decimal 374)
   defining Unicode char U+0177 (decimal 375)
   defining Unicode char U+0178 (decimal 376)
   defining Unicode char U+0179 (decimal 377)
   defining Unicode char U+017A (decimal 378)
   defining Unicode char U+017B (decimal 379)
   defining Unicode char U+017C (decimal 380)
   defining Unicode char U+017D (decimal 381)
   defining Unicode char U+017E (decimal 382)
   defining Unicode char U+01CD (decimal 461)
   defining Unicode char U+01CE (decimal 462)
   defining Unicode char U+01CF (decimal 463)
   defining Unicode char U+01D0 (decimal 464)
   defining Unicode char U+01D1 (decimal 465)
   defining Unicode char U+01D2 (decimal 466)
   defining Unicode char U+01D3 (decimal 467)
   defining Unicode char U+01D4 (decimal 468)
   defining Unicode char U+01E2 (decimal 482)
   defining Unicode char U+01E3 (decimal 483)
   defining Unicode char U+01E6 (decimal 486)
   defining Unicode char U+01E7 (decimal 487)
   defining Unicode char U+01E8 (decimal 488)
   defining Unicode char U+01E9 (decimal 489)
   defining Unicode char U+01EA (decimal 490)
   defining Unicode char U+01EB (decimal 491)
   defining Unicode char U+01F0 (decimal 496)
   defining Unicode char U+01F4 (decimal 500)
   defining Unicode char U+01F5 (decimal 501)
   defining Unicode char U+0218 (decimal 536)
   defining Unicode char U+0219 (decimal 537)
   defining Unicode char U+021A (decimal 538)
   defining Unicode char U+021B (decimal 539)
   defining Unicode char U+01E02 (decimal 7682)
   defining Unicode char U+01E03 (decimal 7683)
   defining Unicode char U+200C (decimal 8204)
   defining Unicode char U+2013 (decimal 8211)
   defining Unicode char U+2014 (decimal 8212)
   defining Unicode char U+2018 (decimal 8216)
   defining Unicode char U+2019 (decimal 8217)
   defining Unicode char U+201A (decimal 8218)
   defining Unicode char U+201C (decimal 8220)
   defining Unicode char U+201D (decimal 8221)
   defining Unicode char U+201E (decimal 8222)
   defining Unicode char U+2030 (decimal 8240)
   defining Unicode char U+2031 (decimal 8241)
   defining Unicode char U+2039 (decimal 8249)
   defining Unicode char U+203A (decimal 8250)
   defining Unicode char U+2423 (decimal 9251)
)
Now handling font encoding OT1 ...
... processing UTF-8 mapping file for font encoding OT1

(/usr/share/texlive/texmf-dist/tex/latex/base/ot1enc.dfu
File: ot1enc.dfu 2015/12/03 v1.1r UTF-8 support for inputenc
   defining Unicode char U+00A0 (decimal 160)
   defining Unicode char U+00A1 (decimal 161)
   defining Unicode char U+00A3 (decimal 163)
   defining Unicode char U+00AD (decimal 173)
   defining Unicode char U+00B8 (decimal 184)
   defining Unicode char U+00BF (decimal 191)
   defining Unicode char U+00C5 (decimal 197)
   defining Unicode char U+00C6 (decimal 198)
   defining Unicode char U+00D8 (decimal 216)
   defining Unicode char U+00DF (decimal 223)
   defining Unicode char U+00E6 (decimal 230)
   defining Unicode char U+00EC (decimal 236)
   defining Unicode char U+00ED (decimal 237)
   defining Unicode char U+00EE (decimal 238)
   defining Unicode char U+00EF (decimal 239)
   defining Unicode char U+00F8 (decimal 248)
   defining Unicode char U+0131 (decimal 305)
   defining Unicode char U+0141 (decimal 321)
   defining Unicode char U+0142 (decimal 322)
   defining Unicode char U+0152 (decimal 338)
   defining Unicode char U+0153 (decimal 339)
   defining Unicode char U+0174 (decimal 372)
   defining Unicode char U+0175 (decimal 373)
   defining Unicode char U+0176 (decimal 374)
   defining Unicode char U+0177 (decimal 375)
   defining Unicode char U+0218 (decimal 536)
   defining Unicode char U+0219 (decimal 537)
   defining Unicode char U+021A (decimal 538)
   defining Unicode char U+021B (decimal 539)
   defining Unicode char U+2013 (decimal 8211)
   defining Unicode char U+2014 (decimal 8212)
   defining Unicode char U+2018 (decimal 8216)
   defining Unicode char U+2019 (decimal 8217)
   defining Unicode char U+201C (decimal 8220)
   defining Unicode char U+201D (decimal 8221)
)
Now handling font encoding OMS ...
... processing UTF-8 mapping file for font encoding OMS

(/usr/share/texlive/texmf-dist/tex/latex/base/omsenc.dfu
File: omsenc.dfu 2015/12/03 v1.1r UTF-8 support for inputenc
   defining Unicode char U+00A7 (decimal 167)
   defining Unicode char U+00B6 (decimal 182)
   defining Unicode char U+00B7 (decimal 183)
   defining Unicode char U+2020 (decimal 8224)
   defining Unicode char U+2021 (decimal 8225)
   defining Unicode char U+2022 (decimal 8226)
)
Now handling font encoding OMX ...
... no UTF-8 mapping file for font encoding OMX
Now handling font encoding U ...
... no UTF-8 mapping file for font encoding U
   defining Unicode char U+00A9 (decimal 169)
   defining Unicode char U+00AA (decimal 170)
   defining Unicode char U+00AE (decimal 174)
   defining Unicode char U+00BA (decimal 186)
   defining Unicode char U+02C6 (decimal 710)
   defining Unicode char U+02DC (decimal 732)
   defining Unicode char U+200C (decimal 8204)
   defining Unicode char U+2026 (decimal 8230)
   defining Unicode char U+2122 (decimal 8482)
   defining Unicode char U+2423 (decimal 9251)
))
(/usr/share/texlive/texmf-dist/tex/latex/graphics/graphicx.sty
Package: graphicx 2014/10/28 v1.0g Enhanced LaTeX Graphics (DPC,SPQR)

(/usr/share/texlive/texmf-dist/tex/latex/graphics/keyval.sty
Package: keyval 2014/10/28 v1.15 key=value parser (DPC)
\KV@toks@=\toks16
)
(/usr/share/texlive/texmf-dist/tex/latex/graphics/graphics.sty
Package: graphics 2016/01/03 v1.0q Standard LaTeX Graphics (DPC,SPQR)

(/usr/share/texlive/texmf-dist/tex/latex/graphics/trig.sty
Package: trig 2016/01/03 v1.10 sin cos tan (DPC)
)
(/usr/share/texlive/texmf-dist/tex/latex/latexconfig/graphics.cfg
File: graphics.cfg 2010/04/23 v1.9 graphics configuration of TeX Live
)
Package graphics Info: Driver file: pdftex.def on input line 95.

(/usr/share/texlive/texmf-dist/tex/latex/pdftex-def/pdftex.def
File: pdftex.def 2011/05/27 v0.06d Graphics/color for pdfTeX

(/usr/share/texlive/texmf-dist/tex/generic/oberdiek/infwarerr.sty
Package: infwarerr 2010/04/08 v1.3 Providing info/warning/error messages (HO)
)
(/usr/share/texlive/texmf-dist/tex/generic/oberdiek/ltxcmds.sty
Package: ltxcmds 2011/11/09 v1.22 LaTeX kernel commands for general use (HO)
)
\Gread@gobject=\count87
))
\Gin@req@height=\dimen103
\Gin@req@width=\dimen104
)
(/usr/share/texlive/texmf-dist/tex/latex/float/float.sty
Package: float 2001/11/08 v1.3d Float enhancements (AL)
\c@float@type=\count88
\float@exts=\toks17
\float@box=\box26
\@float@everytoks=\toks18
\@floatcapt=\box27
)
(/usr/share/texlive/texmf-dist/tex/latex/amsmath/amsmath.sty
Package: amsmath 2016/03/03 v2.15a AMS math features
\@mathmargin=\skip43

For additional information on amsmath, use the `?' option.
(/usr/share/texlive/texmf-dist/tex/latex/amsmath/amstext.sty
Package: amstext 2000/06/29 v2.01 AMS text

(/usr/share/texlive/texmf-dist/tex/latex/amsmath/amsgen.sty
File: amsgen.sty 1999/11/30 v2.0 generic functions
\@emptytoks=\toks19
\ex@=\dimen105
))
(/usr/share/texlive/texmf-dist/tex/latex/amsmath/amsbsy.sty
Package: amsbsy 1999/11/29 v1.2d Bold Symbols
\pmbraise@=\dimen106
)
(/usr/share/texlive/texmf-dist/tex/latex/amsmath/amsopn.sty
Package: amsopn 1999/12/14 v2.01 operator names
)
\inf@bad=\count89
LaTeX Info: Redefining \frac on input line 199.
\uproot@=\count90
\leftroot@=\count91
LaTeX Info: Redefining \overline on input line 297.
\classnum@=\count92
\DOTSCASE@=\count93
LaTeX Info: Redefining \ldots on input line 394.
LaTeX Info: Redefining \dots on input line 397.
LaTeX Info: Redefining \cdots on input line 518.
\Mathstrutbox@=\box28
\strutbox@=\box29
\big@size=\dimen107
LaTeX Font Info:    Redeclaring font encoding OML on input line 630.
LaTeX Font Info:    Redeclaring font encoding OMS on input line 631.
\macc@depth=\count94
\c@MaxMatrixCols=\count95
\dotsspace@=\muskip10
\c@parentequation=\count96
\dspbrk@lvl=\count97
\tag@help=\toks20
\row@=\count98
\column@=\count99
\maxfields@=\count100
\andhelp@=\toks21
\eqnshift@=\dimen108
\alignsep@=\dimen109
\tagshift@=\dimen110
\tagwidth@=\dimen111
\totwidth@=\dimen112
\lineht@=\dimen113
\@envbody=\toks22
\multlinegap=\skip44
\multlinetaggap=\skip45
\mathdisplay@stack=\toks23
LaTeX Info: Redefining \[ on input line 2735.
LaTeX Info: Redefining \] on input line 2736.
)
(/usr/share/texlive/texmf-dist/tex/latex/amscls/amsthm.sty
Package: amsthm 2015/03/04 v2.20.2
\thm@style=\toks24
\thm@bodyfont=\toks25
\thm@headfont=\toks26
\thm@notefont=\toks27
\thm@headpunct=\toks28
\thm@preskip=\skip46
\thm@postskip=\skip47
\thm@headsep=\skip48
\dth@everypar=\toks29
)
(/usr/share/texlive/texmf-dist/tex/latex/tools/bm.sty
Package: bm 2014/10/28 v1.1c Bold Symbol Support (DPC/FMi)
\symboldoperators=\mathgroup4
\symboldletters=\mathgroup5
\symboldsymbols=\mathgroup6
LaTeX Font Info:    Redeclaring math alphabet \mathbf on input line 141.
LaTeX Info: Redefining \bm on input line 207.
)
(/usr/share/texlive/texmf-dist/tex/latex/tocbibind/tocbibind.sty
Package: tocbibind 2010/10/13 v1.5k extra ToC listings
Package tocbibind Info: The document has section divisions on input line 50.


Package tocbibind Note: Using section or other style headings.

) (/usr/share/texlive/texmf-dist/tex/latex/bezos/accents.sty
Package: accents 2006/05/12 v1.3 Math Accent Tools
\cc@skew=\dimen114
\cc@wd=\dimen115
\cc@code=\count101
\cc@group=\count102
\cc@skewchar=\count103
)
(/usr/share/texlive/texmf-dist/tex/latex/oberdiek/bookmark.sty
Package: bookmark 2011/12/02 v1.24 PDF bookmarks (HO)

(/usr/share/texlive/texmf-dist/tex/generic/oberdiek/pdfescape.sty
Package: pdfescape 2011/11/25 v1.13 Implements pdfTeX's escape features (HO)

(/usr/share/texlive/texmf-dist/tex/generic/oberdiek/pdftexcmds.sty
Package: pdftexcmds 2011/11/29 v0.20 Utility functions of pdfTeX for LuaTeX (HO
)

(/usr/share/texlive/texmf-dist/tex/generic/oberdiek/ifluatex.sty
Package: ifluatex 2010/03/01 v1.3 Provides the ifluatex switch (HO)
Package ifluatex Info: LuaTeX not detected.
)
(/usr/share/texlive/texmf-dist/tex/generic/oberdiek/ifpdf.sty
Package: ifpdf 2011/01/30 v2.3 Provides the ifpdf switch (HO)
Package ifpdf Info: pdfTeX in PDF mode is detected.
)
Package pdftexcmds Info: LuaTeX not detected.
Package pdftexcmds Info: \pdf@primitive is available.
Package pdftexcmds Info: \pdf@ifprimitive is available.
Package pdftexcmds Info: \pdfdraftmode found.
))
(/usr/share/texlive/texmf-dist/tex/generic/ifxetex/ifxetex.sty
Package: ifxetex 2010/09/12 v0.6 Provides ifxetex conditional
)
(/usr/share/texlive/texmf-dist/tex/generic/oberdiek/ifvtex.sty
Package: ifvtex 2010/03/01 v1.5 Detect VTeX and its facilities (HO)
Package ifvtex Info: VTeX not detected.
)
(/usr/share/texlive/texmf-dist/tex/latex/hyperref/hyperref.sty
Package: hyperref 2012/11/06 v6.83m Hypertext links for LaTeX

(/usr/share/texlive/texmf-dist/tex/generic/oberdiek/hobsub-hyperref.sty
Package: hobsub-hyperref 2012/05/28 v1.13 Bundle oberdiek, subset hyperref (HO)


(/usr/share/texlive/texmf-dist/tex/generic/oberdiek/hobsub-generic.sty
Package: hobsub-generic 2012/05/28 v1.13 Bundle oberdiek, subset generic (HO)
Package: hobsub 2012/05/28 v1.13 Construct package bundles (HO)
Package hobsub Info: Skipping package `infwarerr' (already loaded).
Package hobsub Info: Skipping package `ltxcmds' (already loaded).
Package hobsub Info: Skipping package `ifluatex' (already loaded).
Package hobsub Info: Skipping package `ifvtex' (already loaded).
Package: intcalc 2007/09/27 v1.1 Expandable calculations with integers (HO)
Package hobsub Info: Skipping package `ifpdf' (already loaded).
Package: etexcmds 2011/02/16 v1.5 Avoid name clashes with e-TeX commands (HO)
Package etexcmds Info: Could not find \expanded.
(etexcmds)             That can mean that you are not using pdfTeX 1.50 or
(etexcmds)             that some package has redefined \expanded.
(etexcmds)             In the latter case, load this package earlier.
Package: kvsetkeys 2012/04/25 v1.16 Key value parser (HO)
Package: kvdefinekeys 2011/04/07 v1.3 Define keys (HO)
Package hobsub Info: Skipping package `pdftexcmds' (already loaded).
Package hobsub Info: Skipping package `pdfescape' (already loaded).
Package: bigintcalc 2012/04/08 v1.3 Expandable calculations on big integers (HO
)
Package: bitset 2011/01/30 v1.1 Handle bit-vector datatype (HO)
Package: uniquecounter 2011/01/30 v1.2 Provide unlimited unique counter (HO)
)
Package hobsub Info: Skipping package `hobsub' (already loaded).
Package: letltxmacro 2010/09/02 v1.4 Let assignment for LaTeX macros (HO)
Package: hopatch 2012/05/28 v1.2 Wrapper for package hooks (HO)
Package: xcolor-patch 2011/01/30 xcolor patch
Package: atveryend 2011/06/30 v1.8 Hooks at the very end of document (HO)
Package atveryend Info: \enddocument detected (standard20110627).
Package: atbegshi 2011/10/05 v1.16 At begin shipout hook (HO)
Package: refcount 2011/10/16 v3.4 Data extraction from label references (HO)
Package: hycolor 2011/01/30 v1.7 Color options for hyperref/bookmark (HO)
)
(/usr/share/texlive/texmf-dist/tex/latex/oberdiek/auxhook.sty
Package: auxhook 2011/03/04 v1.3 Hooks for auxiliary files (HO)
)
(/usr/share/texlive/texmf-dist/tex/latex/oberdiek/kvoptions.sty
Package: kvoptions 2011/06/30 v3.11 Key value format for package options (HO)
)
\@linkdim=\dimen116
\Hy@linkcounter=\count104
\Hy@pagecounter=\count105

(/usr/share/texlive/texmf-dist/tex/latex/hyperref/pd1enc.def
File: pd1enc.def 2012/11/06 v6.83m Hyperref: PDFDocEncoding definition (HO)
Now handling font encoding PD1 ...
... no UTF-8 mapping file for font encoding PD1
)
\Hy@SavedSpaceFactor=\count106

(/usr/share/texlive/texmf-dist/tex/latex/latexconfig/hyperref.cfg
File: hyperref.cfg 2002/06/06 v1.2 hyperref configuration of TeXLive
)
Package hyperref Info: Hyper figures OFF on input line 4443.
Package hyperref Info: Link nesting OFF on input line 4448.
Package hyperref Info: Hyper index ON on input line 4451.
Package hyperref Info: Plain pages OFF on input line 4458.
Package hyperref Info: Backreferencing OFF on input line 4463.
Package hyperref Info: Implicit mode ON; LaTeX internals redefined.
Package hyperref Info: Bookmarks ON on input line 4688.
\c@Hy@tempcnt=\count107

(/usr/share/texlive/texmf-dist/tex/latex/url/url.sty
\Urlmuskip=\muskip11
Package: url 2013/09/16  ver 3.4  Verb mode for urls, etc.
)
LaTeX Info: Redefining \url on input line 5041.
\XeTeXLinkMargin=\dimen117
\Fld@menulength=\count108
\Field@Width=\dimen118
\Fld@charsize=\dimen119
Package hyperref Info: Hyper figures OFF on input line 6295.
Package hyperref Info: Link nesting OFF on input line 6300.
Package hyperref Info: Hyper index ON on input line 6303.
Package hyperref Info: backreferencing OFF on input line 6310.
Package hyperref Info: Link coloring OFF on input line 6315.
Package hyperref Info: Link coloring with OCG OFF on input line 6320.
Package hyperref Info: PDF/A mode OFF on input line 6325.
LaTeX Info: Redefining \ref on input line 6365.
LaTeX Info: Redefining \pageref on input line 6369.
\Hy@abspage=\count109
\c@Item=\count110
\c@Hfootnote=\count111
)

Package hyperref Message: Driver (autodetected): hpdftex.

(/usr/share/texlive/texmf-dist/tex/latex/hyperref/hpdftex.def
File: hpdftex.def 2012/11/06 v6.83m Hyperref driver for pdfTeX
\Fld@listcount=\count112
\c@bookmark@seq@number=\count113

(/usr/share/texlive/texmf-dist/tex/latex/oberdiek/rerunfilecheck.sty
Package: rerunfilecheck 2011/04/15 v1.7 Rerun checks for auxiliary files (HO)
Package uniquecounter Info: New unique counter `rerunfilecheck' on input line 2
82.
)
\Hy@SectionHShift=\skip49
)
(/usr/share/texlive/texmf-dist/tex/latex/oberdiek/bkm-pdftex.def
File: bkm-pdftex.def 2011/12/02 v1.24 bookmark driver for pdfTeX (HO)
\BKM@id=\count114
))
(/usr/share/texlive/texmf-dist/tex/latex/apacite/apacite.sty
Package: apacite 2013/07/21 v6.03 APA citation
\c@BibCnt=\count115
\bibleftmargin=\skip50
\bibindent=\skip51
\bibparsep=\skip52
\bibitemsep=\skip53
\biblabelsep=\skip54
)
\c@theorem=\count116
\c@corollary=\count117
\c@prop=\count118
\c@definition=\count119
 (./tese.aux)
\openout1 = `tese.aux'.

LaTeX Font Info:    Checking defaults for OML/cmm/m/it on input line 69.
LaTeX Font Info:    ... okay on input line 69.
LaTeX Font Info:    Checking defaults for T1/cmr/m/n on input line 69.
LaTeX Font Info:    ... okay on input line 69.
LaTeX Font Info:    Checking defaults for OT1/cmr/m/n on input line 69.
LaTeX Font Info:    ... okay on input line 69.
LaTeX Font Info:    Checking defaults for OMS/cmsy/m/n on input line 69.
LaTeX Font Info:    ... okay on input line 69.
LaTeX Font Info:    Checking defaults for OMX/cmex/m/n on input line 69.
LaTeX Font Info:    ... okay on input line 69.
LaTeX Font Info:    Checking defaults for U/cmr/m/n on input line 69.
LaTeX Font Info:    ... okay on input line 69.
LaTeX Font Info:    Checking defaults for PD1/pdf/m/n on input line 69.
LaTeX Font Info:    ... okay on input line 69.

(/usr/share/texlive/texmf-dist/tex/context/base/supp-pdf.mkii
[Loading MPS to PDF converter (version 2006.09.02).]
\scratchcounter=\count120
\scratchdimen=\dimen120
\scratchbox=\box30
\nofMPsegments=\count121
\nofMParguments=\count122
\everyMPshowfont=\toks30
\MPscratchCnt=\count123
\MPscratchDim=\dimen121
\MPnumerator=\count124
\makeMPintoPDFobject=\count125
\everyMPtoPDFconversion=\toks31
) (/usr/share/texlive/texmf-dist/tex/latex/oberdiek/epstopdf-base.sty
Package: epstopdf-base 2010/02/09 v2.5 Base part for package epstopdf

(/usr/share/texlive/texmf-dist/tex/latex/oberdiek/grfext.sty
Package: grfext 2010/08/19 v1.1 Manage graphics extensions (HO)
)
Package grfext Info: Graphics extension search list:
(grfext)             [.png,.pdf,.jpg,.mps,.jpeg,.jbig2,.jb2,.PNG,.PDF,.JPG,.JPE
G,.JBIG2,.JB2,.eps]
(grfext)             \AppendGraphicsExtensions on input line 452.

(/usr/share/texlive/texmf-dist/tex/latex/latexconfig/epstopdf-sys.cfg
File: epstopdf-sys.cfg 2010/07/13 v1.3 Configuration of (r)epstopdf for TeX Liv
e
))
\AtBeginShipoutBox=\box31
Package hyperref Info: Link coloring OFF on input line 69.

(/usr/share/texlive/texmf-dist/tex/latex/hyperref/nameref.sty
Package: nameref 2012/10/27 v2.43 Cross-referencing by name of section

(/usr/share/texlive/texmf-dist/tex/generic/oberdiek/gettitlestring.sty
Package: gettitlestring 2010/12/03 v1.4 Cleanup title references (HO)
)
\c@section@level=\count126
)
LaTeX Info: Redefining \ref on input line 69.
LaTeX Info: Redefining \pageref on input line 69.
LaTeX Info: Redefining \nameref on input line 69.
\c@maskedRefs=\count127

(/usr/share/texlive/texmf-dist/tex/latex/apacite/english.apc
File: english.apc 2013/07/21 v6.03 apacite language file
LaTeX Info: Redefining \BPBI on input line 129.
LaTeX Info: Redefining \BHBI on input line 130.
)

LaTeX Warning: No \author given.

[1

{/var/lib/texmf/fonts/map/pdftex/updmap/pdftex.map}]
Underfull \hbox (badness 10000) in paragraph at lines 98--100

 []

[2]
! Undefined control sequence.
l.124 ...rative evaluations of alternatives \citep
                                                  {hausman2011preference}.
The control sequence at the end of the top line
of your error message was never \def'ed. If you have
misspelled it (e.g., `\hobx'), type `I' and the correct
spelling (e.g., `I\hbox'). Otherwise just continue,
and I'll forget about whatever was undefined.

! Undefined control sequence.
l.128 ...is actuated only by self-interest" \citep
                                                  {edgeworth1881mathematical...
The control sequence at the end of the top line
of your error message was never \def'ed. If you have
misspelled it (e.g., `\hobx'), type `I' and the correct
spelling (e.g., `I\hbox'). Otherwise just continue,
and I'll forget about whatever was undefined.

! Undefined control sequence.
<argument> ...only driven by self-interest \citep 
                                                  {smith1822theory}.
l.128 ...y self-interest \citep{smith1822theory}.}
                                                  
The control sequence at the end of the top line
of your error message was never \def'ed. If you have
misspelled it (e.g., `\hobx'), type `I' and the correct
spelling (e.g., `I\hbox'). Otherwise just continue,
and I'll forget about whatever was undefined.


Overfull \hbox (18.24298pt too wide) in paragraph at lines 128--129
\OT1/cmr/m/n/12 is that ev-ery agent is ac-tu-ated only by self-interest" edge-
worth1881mathematical.
 []

[1] [2]
! Use of \@year@ doesn't match its definition.
\Y@camerer2011behavioral ->\@year@ {
                                    5}{{\APACyear {2011}}{\APACexlab {{\BCnt...
l.148 \cite{camerer2011behavioral}
                                   provides a detailed summary of the main r...
If you say, e.g., `\def\a1{...}', then you must always
put `1' after `\a', since control sequence names are
made up of letters only. The macro here has not been
followed by the required stuff, so I'm ignoring it.

! Extra }, or forgotten \endgroup.
\@ifauthorsunequalc@de ...tra@b@citeb \endcsname }
                                                  \hyper@natlinkend \fi \let...
l.148 \cite{camerer2011behavioral}
                                   provides a detailed summary of the main r...
I've deleted a group-closing symbol because it seems to be
spurious, as in `$x}$'. But perhaps the } is legitimate and
you forgot something else, as in `\hbox{$x}'. In such cases
the way to recover is to insert both the forgotten and the
deleted material, e.g., by typing `I$}'.

! Use of \@year@ doesn't match its definition.
\Y@cameron1999raising ->\@year@ {
                                 8}{{\APACyear {1999}}}{{Cameron}}{{Cameron}}
l.152 For example, \cite{cameron1999raising}
                                             conducted experiments using the...
If you say, e.g., `\def\a1{...}', then you must always
put `1' after `\a', since control sequence names are
made up of letters only. The macro here has not been
followed by the required stuff, so I'm ignoring it.

! Extra }, or forgotten \endgroup.
\@ifauthorsunequalc@de ...tra@b@citeb \endcsname }
                                                  \hyper@natlinkend \fi \let...
l.152 For example, \cite{cameron1999raising}
                                             conducted experiments using the...
I've deleted a group-closing symbol because it seems to be
spurious, as in `$x}$'. But perhaps the } is legitimate and
you forgot something else, as in `\hbox{$x}'. In such cases
the way to recover is to insert both the forgotten and the
deleted material, e.g., by typing `I$}'.


Overfull \hbox (9.8528pt too wide) in paragraph at lines 152--153
[]\OT1/cmr/m/n/12 For ex-am-ple, [][]81999CameronCameron[], []81999Cameron-Came
ron[]) con-ducted
 []

! Use of \@year@ doesn't match its definition.
\Y@andersen2011stakes ->\@year@ {
                                 2}{{\APACyear {2011}}}{{Andersen\ \BOthers ...
l.154 \cite{andersen2011stakes}
                                employ the ultimatum game in a poor village ...
If you say, e.g., `\def\a1{...}', then you must always
put `1' after `\a', since control sequence names are
made up of letters only. The macro here has not been
followed by the required stuff, so I'm ignoring it.

! Extra }, or forgotten \endgroup.
\@ifauthorsunequalc@de ...tra@b@citeb \endcsname }
                                                  \hyper@natlinkend \fi \let...
l.154 \cite{andersen2011stakes}
                                employ the ultimatum game in a poor village ...
I've deleted a group-closing symbol because it seems to be
spurious, as in `$x}$'. But perhaps the } is legitimate and
you forgot something else, as in `\hbox{$x}'. In such cases
the way to recover is to insert both the forgotten and the
deleted material, e.g., by typing `I$}'.


Overfull \hbox (4.26816pt too wide) in paragraph at lines 154--155
[][][]\OT1/cmr/m/n/12 22011Andersen et al.[]Andersen, Erta^^Xc, Gneezy, Hoff-ma
n, & List[], []22011An-
 []

[3]
! Use of \@year@ doesn't match its definition.
\Y@slonim1998learning ->\@year@ {
                                 46}{{\APACyear {1998}}}{{Slonim\ \BBA {} Ro...
l.157 \cite{slonim1998learning}
                                combine learning and increased stakes. Subje...
If you say, e.g., `\def\a1{...}', then you must always
put `1' after `\a', since control sequence names are
made up of letters only. The macro here has not been
followed by the required stuff, so I'm ignoring it.

! Extra }, or forgotten \endgroup.
\@ifauthorsunequalc@de ...tra@b@citeb \endcsname }
                                                  \hyper@natlinkend \fi \let...
l.157 \cite{slonim1998learning}
                                combine learning and increased stakes. Subje...
I've deleted a group-closing symbol because it seems to be
spurious, as in `$x}$'. But perhaps the } is legitimate and
you forgot something else, as in `\hbox{$x}'. In such cases
the way to recover is to insert both the forgotten and the
deleted material, e.g., by typing `I$}'.

! Undefined control sequence.
l.159 ...ion of offers made by the proposer \citep
                                                  {roth1991}. These results ...
The control sequence at the end of the top line
of your error message was never \def'ed. If you have
misspelled it (e.g., `\hobx'), type `I' and the correct
spelling (e.g., `I\hbox'). Otherwise just continue,
and I'll forget about whatever was undefined.

! Undefined control sequence.
l.161 ...us when anthropologist Joe Henrich \citep
                                                  {Henrich2000} found that t...
The control sequence at the end of the top line
of your error message was never \def'ed. If you have
misspelled it (e.g., `\hobx'), type `I' and the correct
spelling (e.g., `I\hbox'). Otherwise just continue,
and I'll forget about whatever was undefined.

[4]
! Undefined control sequence.
l.163 ... field among non-literate subjects \citep
                                                  {henrich2005economic}. The...
The control sequence at the end of the top line
of your error message was never \def'ed. If you have
misspelled it (e.g., `\hobx'), type `I' and the correct
spelling (e.g., `I\hbox'). Otherwise just continue,
and I'll forget about whatever was undefined.

[5]
! Use of \@year@ doesn't match its definition.
\Y@Carter1991 ->\@year@ {
                         9}{{\APACyear {1991}}}{{Carter\ \BBA {} Irons}}{{Ca...
l.169 More amusingly, \cite{Carter1991}
                                        find that economists play closer to ...
If you say, e.g., `\def\a1{...}', then you must always
put `1' after `\a', since control sequence names are
made up of letters only. The macro here has not been
followed by the required stuff, so I'm ignoring it.

! Extra }, or forgotten \endgroup.
\@ifauthorsunequalc@de ...tra@b@citeb \endcsname }
                                                  \hyper@natlinkend \fi \let...
l.169 More amusingly, \cite{Carter1991}
                                        find that economists play closer to ...
I've deleted a group-closing symbol because it seems to be
spurious, as in `$x}$'. But perhaps the } is legitimate and
you forgot something else, as in `\hbox{$x}'. In such cases
the way to recover is to insert both the forgotten and the
deleted material, e.g., by typing `I$}'.

! Use of \@year@ doesn't match its definition.
\Y@camerer2011behavioral ->\@year@ {
                                    5}{{\APACyear {2011}}{\APACexlab {{\BCnt...
l.177 \cite{camerer2011behavioral}
                                   offers a summary of the results from mult...
If you say, e.g., `\def\a1{...}', then you must always
put `1' after `\a', since control sequence names are
made up of letters only. The macro here has not been
followed by the required stuff, so I'm ignoring it.

! Extra }, or forgotten \endgroup.
\@ifauthorsunequalc@de ...tra@b@citeb \endcsname }
                                                  \hyper@natlinkend \fi \let...
l.177 \cite{camerer2011behavioral}
                                   offers a summary of the results from mult...
I've deleted a group-closing symbol because it seems to be
spurious, as in `$x}$'. But perhaps the } is legitimate and
you forgot something else, as in `\hbox{$x}'. In such cases
the way to recover is to insert both the forgotten and the
deleted material, e.g., by typing `I$}'.

<dictatoroffer.png, id=70, 793.96625pt x 226.8475pt>
File: dictatoroffer.png Graphic file (type png)
 <use dictatoroffer.png>
Package pdftex.def Info: dictatoroffer.png used on input line 186.
(pdftex.def)             Requested size: 390.0pt x 111.42969pt.

[6]
! Use of \@year@ doesn't match its definition.
\Y@list2007interpretation ->\@year@ {
                                     40}{{\APACyear {2007}}}{{List}}{{List}}
l.190 \cite{list2007interpretation}
                                    pushes back against the standard interpr...
If you say, e.g., `\def\a1{...}', then you must always
put `1' after `\a', since control sequence names are
made up of letters only. The macro here has not been
followed by the required stuff, so I'm ignoring it.

! Extra }, or forgotten \endgroup.
\@ifauthorsunequalc@de ...tra@b@citeb \endcsname }
                                                  \hyper@natlinkend \fi \let...
l.190 \cite{list2007interpretation}
                                    pushes back against the standard interpr...
I've deleted a group-closing symbol because it seems to be
spurious, as in `$x}$'. But perhaps the } is legitimate and
you forgot something else, as in `\hbox{$x}'. In such cases
the way to recover is to insert both the forgotten and the
deleted material, e.g., by typing `I$}'.

! Use of \@year@ doesn't match its definition.
\Y@list2004young ->\@year@ {
                            38}{{\APACyear {2004}}}{{List}}{{List}}
l.190 ...n the dictator game. \cite{list2004young}
                                                   also find that, in the pu...
If you say, e.g., `\def\a1{...}', then you must always
put `1' after `\a', since control sequence names are
made up of letters only. The macro here has not been
followed by the required stuff, so I'm ignoring it.

! Extra }, or forgotten \endgroup.
\@ifauthorsunequalc@de ...tra@b@citeb \endcsname }
                                                  \hyper@natlinkend \fi \let...
l.190 ...n the dictator game. \cite{list2004young}
                                                   also find that, in the pu...
I've deleted a group-closing symbol because it seems to be
spurious, as in `$x}$'. But perhaps the } is legitimate and
you forgot something else, as in `\hbox{$x}'. In such cases
the way to recover is to insert both the forgotten and the
deleted material, e.g., by typing `I$}'.

! Use of \@year@ doesn't match its definition.
\Y@dana2006you ->\@year@ {
                          11}{{\APACyear {2006}}}{{Dana\ \BOthers {.}}}{{Dan...
l.192 \cite{dana2006you}
                         consider a variant of the dictator game where the p...
If you say, e.g., `\def\a1{...}', then you must always
put `1' after `\a', since control sequence names are
made up of letters only. The macro here has not been
followed by the required stuff, so I'm ignoring it.

! Extra }, or forgotten \endgroup.
\@ifauthorsunequalc@de ...tra@b@citeb \endcsname }
                                                  \hyper@natlinkend \fi \let...
l.192 \cite{dana2006you}
                         consider a variant of the dictator game where the p...
I've deleted a group-closing symbol because it seems to be
spurious, as in `$x}$'. But perhaps the } is legitimate and
you forgot something else, as in `\hbox{$x}'. In such cases
the way to recover is to insert both the forgotten and the
deleted material, e.g., by typing `I$}'.

! Use of \@year@ doesn't match its definition.
\Y@dana2007exploiting ->\@year@ {
                                 12}{{\APACyear {2007}}}{{Dana\ \BOthers {.}...
l.194 In \cite{dana2007exploiting}
                                   a variant of the dictator game is played....
If you say, e.g., `\def\a1{...}', then you must always
put `1' after `\a', since control sequence names are
made up of letters only. The macro here has not been
followed by the required stuff, so I'm ignoring it.

! Extra }, or forgotten \endgroup.
\@ifauthorsunequalc@de ...tra@b@citeb \endcsname }
                                                  \hyper@natlinkend \fi \let...
l.194 In \cite{dana2007exploiting}
                                   a variant of the dictator game is played....
I've deleted a group-closing symbol because it seems to be
spurious, as in `$x}$'. But perhaps the } is legitimate and
you forgot something else, as in `\hbox{$x}'. In such cases
the way to recover is to insert both the forgotten and the
deleted material, e.g., by typing `I$}'.

[7 <./dictatoroffer.png>]
! Use of \@year@ doesn't match its definition.
\Y@fehr1993 ->\@year@ {
                       22}{{\APACyear {1993}}}{{Fehr\ \BOthers {.}}}{{Fehr, ...
l.203 ...ge game was introduced by \cite{fehr1993}
                                                   in an attempt to empirica...
If you say, e.g., `\def\a1{...}', then you must always
put `1' after `\a', since control sequence names are
made up of letters only. The macro here has not been
followed by the required stuff, so I'm ignoring it.

! Extra }, or forgotten \endgroup.
\@ifauthorsunequalc@de ...tra@b@citeb \endcsname }
                                                  \hyper@natlinkend \fi \let...
l.203 ...ge game was introduced by \cite{fehr1993}
                                                   in an attempt to empirica...
I've deleted a group-closing symbol because it seems to be
spurious, as in `$x}$'. But perhaps the } is legitimate and
you forgot something else, as in `\hbox{$x}'. In such cases
the way to recover is to insert both the forgotten and the
deleted material, e.g., by typing `I$}'.

! Use of \@year@ doesn't match its definition.
\Y@akerlof1982 ->\@year@ {
                          1}{{\APACyear {1982}}}{{Akerlof}}{{Akerlof}}
l.203 ...opic first broached by \cite{akerlof1982}
                                                  .
If you say, e.g., `\def\a1{...}', then you must always
put `1' after `\a', since control sequence names are
made up of letters only. The macro here has not been
followed by the required stuff, so I'm ignoring it.

! Extra }, or forgotten \endgroup.
\@ifauthorsunequalc@de ...tra@b@citeb \endcsname }
                                                  \hyper@natlinkend \fi \let...
l.203 ...opic first broached by \cite{akerlof1982}
                                                  .
I've deleted a group-closing symbol because it seems to be
spurious, as in `$x}$'. But perhaps the } is legitimate and
you forgot something else, as in `\hbox{$x}'. In such cases
the way to recover is to insert both the forgotten and the
deleted material, e.g., by typing `I$}'.

[8]
! Undefined control sequence.
l.229 ...mpany in the eastern United States \citep
                                                  {homans1954cash}.
The control sequence at the end of the top line
of your error message was never \def'ed. If you have
misspelled it (e.g., `\hobx'), type `I' and the correct
spelling (e.g., `I\hbox'). Otherwise just continue,
and I'll forget about whatever was undefined.

[9]
! Use of \@year@ doesn't match its definition.
\Y@fehr1997 ->\@year@ {
                       20}{{\APACyear {1997}}}{{Fehr\ \BOthers {.}}}{{Fehr, ...
l.235 ...following experiment from \cite{fehr1997}
                                                   Subjects were assigned in...
If you say, e.g., `\def\a1{...}', then you must always
put `1' after `\a', since control sequence names are
made up of letters only. The macro here has not been
followed by the required stuff, so I'm ignoring it.

! Extra }, or forgotten \endgroup.
\@ifauthorsunequalc@de ...tra@b@citeb \endcsname }
                                                  \hyper@natlinkend \fi \let...
l.235 ...following experiment from \cite{fehr1997}
                                                   Subjects were assigned in...
I've deleted a group-closing symbol because it seems to be
spurious, as in `$x}$'. But perhaps the } is legitimate and
you forgot something else, as in `\hbox{$x}'. In such cases
the way to recover is to insert both the forgotten and the
deleted material, e.g., by typing `I$}'.

<gift1.png, id=122, 735.57pt x 486.81876pt>
File: gift1.png Graphic file (type png)
 <use gift1.png>
Package pdftex.def Info: gift1.png used on input line 243.
(pdftex.def)             Requested size: 350.99762pt x 232.29611pt.

! Use of \@year@ doesn't match its definition.
\Y@Fehr2002 ->\@year@ {
                       19}{{\APACyear {2002}}}{{Fehr\ \BBA {} Falk}}{{Fehr\ ...
l.245     Source: \cite{Fehr2002}
                                 
If you say, e.g., `\def\a1{...}', then you must always
put `1' after `\a', since control sequence names are
made up of letters only. The macro here has not been
followed by the required stuff, so I'm ignoring it.

! Extra }, or forgotten \endgroup.
\@ifauthorsunequalc@de ...tra@b@citeb \endcsname }
                                                  \hyper@natlinkend \fi \let...
l.245     Source: \cite{Fehr2002}
                                 
I've deleted a group-closing symbol because it seems to be
spurious, as in `$x}$'. But perhaps the } is legitimate and
you forgot something else, as in `\hbox{$x}'. In such cases
the way to recover is to insert both the forgotten and the
deleted material, e.g., by typing `I$}'.

[10]
! Use of \@year@ doesn't match its definition.
\Y@Gneezy2006 ->\@year@ {
                         27}{{\APACyear {2006}}}{{Gneezy\ \BBA {} List}}{{Gn...
l.263 \cite{Gneezy2006}
                        hired students to a data-entry job where they would ...
If you say, e.g., `\def\a1{...}', then you must always
put `1' after `\a', since control sequence names are
made up of letters only. The macro here has not been
followed by the required stuff, so I'm ignoring it.

! Extra }, or forgotten \endgroup.
\@ifauthorsunequalc@de ...tra@b@citeb \endcsname }
                                                  \hyper@natlinkend \fi \let...
l.263 \cite{Gneezy2006}
                        hired students to a data-entry job where they would ...
I've deleted a group-closing symbol because it seems to be
spurious, as in `$x}$'. But perhaps the } is legitimate and
you forgot something else, as in `\hbox{$x}'. In such cases
the way to recover is to insert both the forgotten and the
deleted material, e.g., by typing `I$}'.

[11 <./gift1.png>]
! Use of \@year@ doesn't match its definition.
\Y@Gneezy2006 ->\@year@ {
                         27}{{\APACyear {2006}}}{{Gneezy\ \BBA {} List}}{{Gn...
l.267 A problem with \cite{Gneezy2006}
                                       is that of a small sample size, which...
If you say, e.g., `\def\a1{...}', then you must always
put `1' after `\a', since control sequence names are
made up of letters only. The macro here has not been
followed by the required stuff, so I'm ignoring it.

! Extra }, or forgotten \endgroup.
\@ifauthorsunequalc@de ...tra@b@citeb \endcsname }
                                                  \hyper@natlinkend \fi \let...
l.267 A problem with \cite{Gneezy2006}
                                       is that of a small sample size, which...
I've deleted a group-closing symbol because it seems to be
spurious, as in `$x}$'. But perhaps the } is legitimate and
you forgot something else, as in `\hbox{$x}'. In such cases
the way to recover is to insert both the forgotten and the
deleted material, e.g., by typing `I$}'.

! Use of \@year@ doesn't match its definition.
\Y@Fehr2009 ->\@year@ {
                       21}{{\APACyear {2009}}}{{Fehr\ \BOthers {.}}}{{Fehr, ...
l.267 ...all, a point mentioned by \cite{Fehr2009}
                                                  . Indeed, \cite{cohn2008fa...
If you say, e.g., `\def\a1{...}', then you must always
put `1' after `\a', since control sequence names are
made up of letters only. The macro here has not been
followed by the required stuff, so I'm ignoring it.

! Extra }, or forgotten \endgroup.
\@ifauthorsunequalc@de ...tra@b@citeb \endcsname }
                                                  \hyper@natlinkend \fi \let...
l.267 ...all, a point mentioned by \cite{Fehr2009}
                                                  . Indeed, \cite{cohn2008fa...
I've deleted a group-closing symbol because it seems to be
spurious, as in `$x}$'. But perhaps the } is legitimate and
you forgot something else, as in `\hbox{$x}'. In such cases
the way to recover is to insert both the forgotten and the
deleted material, e.g., by typing `I$}'.

! Use of \@year@ doesn't match its definition.
\Y@cohn2008fairness ->\@year@ {
                               10}{{\APACyear {2008}}}{{Cohn\ \BOthers {.}}}...
l.267 ...ehr2009}. Indeed, \cite{cohn2008fairness}
                                                   use a larger sample size,...
If you say, e.g., `\def\a1{...}', then you must always
put `1' after `\a', since control sequence names are
made up of letters only. The macro here has not been
followed by the required stuff, so I'm ignoring it.

! Extra }, or forgotten \endgroup.
\@ifauthorsunequalc@de ...tra@b@citeb \endcsname }
                                                  \hyper@natlinkend \fi \let...
l.267 ...ehr2009}. Indeed, \cite{cohn2008fairness}
                                                   use a larger sample size,...
I've deleted a group-closing symbol because it seems to be
spurious, as in `$x}$'. But perhaps the } is legitimate and
you forgot something else, as in `\hbox{$x}'. In such cases
the way to recover is to insert both the forgotten and the
deleted material, e.g., by typing `I$}'.

! Use of \@year@ doesn't match its definition.
\Y@Gneezy2006 ->\@year@ {
                         27}{{\APACyear {2006}}}{{Gneezy\ \BBA {} List}}{{Gn...
l.267 ...d wage, not replicating \cite{Gneezy2006}
                                                  . \cite{Fehr2009} surveys ...
If you say, e.g., `\def\a1{...}', then you must always
put `1' after `\a', since control sequence names are
made up of letters only. The macro here has not been
followed by the required stuff, so I'm ignoring it.

! Extra }, or forgotten \endgroup.
\@ifauthorsunequalc@de ...tra@b@citeb \endcsname }
                                                  \hyper@natlinkend \fi \let...
l.267 ...d wage, not replicating \cite{Gneezy2006}
                                                  . \cite{Fehr2009} surveys ...
I've deleted a group-closing symbol because it seems to be
spurious, as in `$x}$'. But perhaps the } is legitimate and
you forgot something else, as in `\hbox{$x}'. In such cases
the way to recover is to insert both the forgotten and the
deleted material, e.g., by typing `I$}'.

! Use of \@year@ doesn't match its definition.
\Y@Fehr2009 ->\@year@ {
                       21}{{\APACyear {2009}}}{{Fehr\ \BOthers {.}}}{{Fehr, ...
l.267 ...cating \cite{Gneezy2006}. \cite{Fehr2009}
                                                   surveys the literature an...
If you say, e.g., `\def\a1{...}', then you must always
put `1' after `\a', since control sequence names are
made up of letters only. The macro here has not been
followed by the required stuff, so I'm ignoring it.

! Extra }, or forgotten \endgroup.
\@ifauthorsunequalc@de ...tra@b@citeb \endcsname }
                                                  \hyper@natlinkend \fi \let...
l.267 ...cating \cite{Gneezy2006}. \cite{Fehr2009}
                                                   surveys the literature an...
I've deleted a group-closing symbol because it seems to be
spurious, as in `$x}$'. But perhaps the } is legitimate and
you forgot something else, as in `\hbox{$x}'. In such cases
the way to recover is to insert both the forgotten and the
deleted material, e.g., by typing `I$}'.

[12]
Underfull \hbox (badness 10000) in paragraph at lines 276--278

 []

<trustgame.png, id=168, 662.475pt x 705.63625pt>
File: trustgame.png Graphic file (type png)
 <use trustgame.png>
Package pdftex.def Info: trustgame.png used on input line 282.
(pdftex.def)             Requested size: 214.50119pt x 228.46768pt.
 [13 <./trustgame.png>]
! Undefined control sequence.
l.292 ... approximately 24,000 participants \citep
                                                  {Johnson2011}.
The control sequence at the end of the top line
of your error message was never \def'ed. If you have
misspelled it (e.g., `\hobx'), type `I' and the correct
spelling (e.g., `I\hbox'). Otherwise just continue,
and I'll forget about whatever was undefined.


Underfull \hbox (badness 10000) in paragraph at lines 294--296

 []

<figure_trust1.png, id=176, 562.17107pt x 207.8562pt>
File: figure_trust1.png Graphic file (type png)
 <use figure_trust1.png>
Package pdftex.def Info: figure_trust1.png used on input line 300.
(pdftex.def)             Requested size: 390.0pt x 144.20114pt.

! Use of \@year@ doesn't match its definition.
\Y@Johnson2011 ->\@year@ {
                          36}{{\APACyear {2011}}}{{Johnson\ \BBA {} Mislin}}...
l.302     Source: \cite{Johnson2011}
                                    
If you say, e.g., `\def\a1{...}', then you must always
put `1' after `\a', since control sequence names are
made up of letters only. The macro here has not been
followed by the required stuff, so I'm ignoring it.

! Extra }, or forgotten \endgroup.
\@ifauthorsunequalc@de ...tra@b@citeb \endcsname }
                                                  \hyper@natlinkend \fi \let...
l.302     Source: \cite{Johnson2011}
                                    
I've deleted a group-closing symbol because it seems to be
spurious, as in `$x}$'. But perhaps the } is legitimate and
you forgot something else, as in `\hbox{$x}'. In such cases
the way to recover is to insert both the forgotten and the
deleted material, e.g., by typing `I$}'.

[14]
Overfull \hbox (12.74675pt too wide) in paragraph at lines 356--357
\OT1/cmr/m/n/12 they can-not eas-ily con-trol other im-por-tant fac-tors. Like 
as-tronomers
 []

! Use of \@year@ doesn't match its definition.
\Y@Samuelson1985 ->\@year@ {
                            44}{{\APACyear {1985}}}{{Samuelson\ \BBA {} Nord...
l.357 \end{quote}
                 
If you say, e.g., `\def\a1{...}', then you must always
put `1' after `\a', since control sequence names are
made up of letters only. The macro here has not been
followed by the required stuff, so I'm ignoring it.

! Extra }, or forgotten \endgroup.
\@ifauthorsunequalc@de ...tra@b@citeb \endcsname }
                                                  \hyper@natlinkend \fi \let...
l.357 \end{quote}
                 
I've deleted a group-closing symbol because it seems to be
spurious, as in `$x}$'. But perhaps the } is legitimate and
you forgot something else, as in `\hbox{$x}'. In such cases
the way to recover is to insert both the forgotten and the
deleted material, e.g., by typing `I$}'.

! Use of \@year@ doesn't match its definition.
\Y@Ebbinghaus1885 ->\@year@ {
                             14}{{\APACyear {1885}}}{{Ebbinghaus}}{{Ebbingha...
l.359 ...centuries now (e.g. \cite{Ebbinghaus1885}
                                                  ). In economics, however, ...
If you say, e.g., `\def\a1{...}', then you must always
put `1' after `\a', since control sequence names are
made up of letters only. The macro here has not been
followed by the required stuff, so I'm ignoring it.

! Extra }, or forgotten \endgroup.
\@ifauthorsunequalc@de ...tra@b@citeb \endcsname }
                                                  \hyper@natlinkend \fi \let...
l.359 ...centuries now (e.g. \cite{Ebbinghaus1885}
                                                  ). In economics, however, ...
I've deleted a group-closing symbol because it seems to be
spurious, as in `$x}$'. But perhaps the } is legitimate and
you forgot something else, as in `\hbox{$x}'. In such cases
the way to recover is to insert both the forgotten and the
deleted material, e.g., by typing `I$}'.

[15 <./figure_trust1.png>]
! Undefined control sequence.
l.361 ...he topic of consumer demand theory \citep
                                                  {Moscati2007}, it is gener...
The control sequence at the end of the top line
of your error message was never \def'ed. If you have
misspelled it (e.g., `\hobx'), type `I' and the correct
spelling (e.g., `I\hbox'). Otherwise just continue,
and I'll forget about whatever was undefined.

! Undefined control sequence.
l.361 ...mes and Economic Behavior} in 1944 \citep
                                                  {Guala2008}. Since then, t...
The control sequence at the end of the top line
of your error message was never \def'ed. If you have
misspelled it (e.g., `\hobx'), type `I' and the correct
spelling (e.g., `I\hbox'). Otherwise just continue,
and I'll forget about whatever was undefined.

! Undefined control sequence.
l.363 ...and $4.15\%$ between 2000 and 2008 \citep
                                                  {Falk2009}. The first spec...
The control sequence at the end of the top line
of your error message was never \def'ed. If you have
misspelled it (e.g., `\hobx'), type `I' and the correct
spelling (e.g., `I\hbox'). Otherwise just continue,
and I'll forget about whatever was undefined.

! Undefined control sequence.
l.363 ...cs is "an exciting new development"\citep
                                                  [p.~5]{Samuelson1992}.
The control sequence at the end of the top line
of your error message was never \def'ed. If you have
misspelled it (e.g., `\hobx'), type `I' and the correct
spelling (e.g., `I\hbox'). Otherwise just continue,
and I'll forget about whatever was undefined.

[16] <proportion.png, id=203, 505.89pt x 361.35pt>
File: proportion.png Graphic file (type png)
 <use proportion.png>
Package pdftex.def Info: proportion.png used on input line 372.
(pdftex.def)             Requested size: 390.0pt x 278.57669pt.

! Undefined control sequence.
<argument> ...as percent of total. Source: \citep 
                                                  {mearsheimer2013leaving}}}...
l.374 .... Source: \citep{mearsheimer2013leaving}}
                                                  
The control sequence at the end of the top line
of your error message was never \def'ed. If you have
misspelled it (e.g., `\hobx'), type `I' and the correct
spelling (e.g., `I\hbox'). Otherwise just continue,
and I'll forget about whatever was undefined.

! Undefined control sequence.
<argument> ...as percent of total. Source: \citep 
                                                  {mearsheimer2013leaving}\fi 
l.374 .... Source: \citep{mearsheimer2013leaving}}
                                                  
The control sequence at the end of the top line
of your error message was never \def'ed. If you have
misspelled it (e.g., `\hobx'), type `I' and the correct
spelling (e.g., `I\hbox'). Otherwise just continue,
and I'll forget about whatever was undefined.

! Undefined control sequence.
<argument> ...as percent of total. Source: \citep 
                                                  {mearsheimer2013leaving}\fi 
l.374 .... Source: \citep{mearsheimer2013leaving}}
                                                  
The control sequence at the end of the top line
of your error message was never \def'ed. If you have
misspelled it (e.g., `\hobx'), type `I' and the correct
spelling (e.g., `I\hbox'). Otherwise just continue,
and I'll forget about whatever was undefined.

! Use of \@year@ doesn't match its definition.
\Y@List2006 ->\@year@ {
                       39}{{\APACyear {2006}}}{{List}}{{List}}
l.383 \cite{List2006}
                      provides an interesting example of this idea. In his p...
If you say, e.g., `\def\a1{...}', then you must always
put `1' after `\a', since control sequence names are
made up of letters only. The macro here has not been
followed by the required stuff, so I'm ignoring it.

! Extra }, or forgotten \endgroup.
\@ifauthorsunequalc@de ...tra@b@citeb \endcsname }
                                                  \hyper@natlinkend \fi \let...
l.383 \cite{List2006}
                      provides an interesting example of this idea. In his p...
I've deleted a group-closing symbol because it seems to be
spurious, as in `$x}$'. But perhaps the } is legitimate and
you forgot something else, as in `\hbox{$x}'. In such cases
the way to recover is to insert both the forgotten and the
deleted material, e.g., by typing `I$}'.

[17 <./proportion.png>]
! Use of \@year@ doesn't match its definition.
\Y@camerer2011promise ->\@year@ {
                                 6}{{\APACyear {2011}}{\APACexlab {{\BCnt {2...
l.389 ...e but is just not robustly significant."}
                                                  
If you say, e.g., `\def\a1{...}', then you must always
put `1' after `\a', since control sequence names are
made up of letters only. The macro here has not been
followed by the required stuff, so I'm ignoring it.

! Extra }, or forgotten \endgroup.
\@ifauthorsunequalc@de ...tra@b@citeb \endcsname }
                                                  \hyper@natlinkend \fi \let...
l.389 ...e but is just not robustly significant."}
                                                  
I've deleted a group-closing symbol because it seems to be
spurious, as in `$x}$'. But perhaps the } is legitimate and
you forgot something else, as in `\hbox{$x}'. In such cases
the way to recover is to insert both the forgotten and the
deleted material, e.g., by typing `I$}'.

! Use of \@year@ doesn't match its definition.
\Y@List2006 ->\@year@ {
                       39}{{\APACyear {2006}}}{{List}}{{List}}
l.389 ...e but is just not robustly significant."}
                                                  
If you say, e.g., `\def\a1{...}', then you must always
put `1' after `\a', since control sequence names are
made up of letters only. The macro here has not been
followed by the required stuff, so I'm ignoring it.

! Extra }, or forgotten \endgroup.
\@ifauthorsunequalc@de ...tra@b@citeb \endcsname }
                                                  \hyper@natlinkend \fi \let...
l.389 ...e but is just not robustly significant."}
                                                  
I've deleted a group-closing symbol because it seems to be
spurious, as in `$x}$'. But perhaps the } is legitimate and
you forgot something else, as in `\hbox{$x}'. In such cases
the way to recover is to insert both the forgotten and the
deleted material, e.g., by typing `I$}'.


Underfull \hbox (badness 2181) in paragraph at lines 389--389
[][][][][]\OT1/cmr/m/n/10 62011bCamererCamerer[], []62011bCamer-erCamerer[]) pr
o-vides a crit-i-cal re-ply to
 []

[18]
! Use of \@year@ doesn't match its definition.
\Y@camerer2011promise ->\@year@ {
                                 6}{{\APACyear {2011}}{\APACexlab {{\BCnt {2...
l.393 \cite{camerer2011promise}
                                makes the helpful distinction between the \t...
If you say, e.g., `\def\a1{...}', then you must always
put `1' after `\a', since control sequence names are
made up of letters only. The macro here has not been
followed by the required stuff, so I'm ignoring it.

! Extra }, or forgotten \endgroup.
\@ifauthorsunequalc@de ...tra@b@citeb \endcsname }
                                                  \hyper@natlinkend \fi \let...
l.393 \cite{camerer2011promise}
                                makes the helpful distinction between the \t...
I've deleted a group-closing symbol because it seems to be
spurious, as in `$x}$'. But perhaps the } is legitimate and
you forgot something else, as in `\hbox{$x}'. In such cases
the way to recover is to insert both the forgotten and the
deleted material, e.g., by typing `I$}'.


Overfull \hbox (1.0751pt too wide) in paragraph at lines 393--394
[][][]\OT1/cmr/m/n/12 62011bCamererCamerer[], []62011bCamer-erCamerer[]) makes 
the help-ful dis-
 []

! Use of \@year@ doesn't match its definition.
\Y@Falk2009 ->\@year@ {
                       17}{{\APACyear {2009}}}{{Falk\ \BBA {} Heckman}}{{Fal...
l.395 ...lowing formalization from \cite{Falk2009}
                                                  . Suppose a variable of in...
If you say, e.g., `\def\a1{...}', then you must always
put `1' after `\a', since control sequence names are
made up of letters only. The macro here has not been
followed by the required stuff, so I'm ignoring it.

! Extra }, or forgotten \endgroup.
\@ifauthorsunequalc@de ...tra@b@citeb \endcsname }
                                                  \hyper@natlinkend \fi \let...
l.395 ...lowing formalization from \cite{Falk2009}
                                                  . Suppose a variable of in...
I've deleted a group-closing symbol because it seems to be
spurious, as in `$x}$'. But perhaps the } is legitimate and
you forgot something else, as in `\hbox{$x}'. In such cases
the way to recover is to insert both the forgotten and the
deleted material, e.g., by typing `I$}'.


Overfull \hbox (16.64162pt too wide) in paragraph at lines 395--396
[]\OT1/cmr/m/n/12 To il-lus-trate this point, con-sider the fol-low-ing for-mal
-iza-tion from [][]172009Falk
 []

! Use of \@year@ doesn't match its definition.
\Y@List2006 ->\@year@ {
                       39}{{\APACyear {2006}}}{{List}}{{List}}
l.399 ... write the field study in \cite{List2006}
                                                   as $Y=f\left(X_1,X^{F_1}\...
If you say, e.g., `\def\a1{...}', then you must always
put `1' after `\a', since control sequence names are
made up of letters only. The macro here has not been
followed by the required stuff, so I'm ignoring it.

! Extra }, or forgotten \endgroup.
\@ifauthorsunequalc@de ...tra@b@citeb \endcsname }
                                                  \hyper@natlinkend \fi \let...
l.399 ... write the field study in \cite{List2006}
                                                   as $Y=f\left(X_1,X^{F_1}\...
I've deleted a group-closing symbol because it seems to be
spurious, as in `$x}$'. But perhaps the } is legitimate and
you forgot something else, as in `\hbox{$x}'. In such cases
the way to recover is to insert both the forgotten and the
deleted material, e.g., by typing `I$}'.

[19]
! Use of \@year@ doesn't match its definition.
\Y@camerer2011promise ->\@year@ {
                                 6}{{\APACyear {2011}}{\APACexlab {{\BCnt {2...
l.401 ... collectors. As \cite{camerer2011promise}
                                                   puts it (using different ...
If you say, e.g., `\def\a1{...}', then you must always
put `1' after `\a', since control sequence names are
made up of letters only. The macro here has not been
followed by the required stuff, so I'm ignoring it.

! Extra }, or forgotten \endgroup.
\@ifauthorsunequalc@de ...tra@b@citeb \endcsname }
                                                  \hyper@natlinkend \fi \let...
l.401 ... collectors. As \cite{camerer2011promise}
                                                   puts it (using different ...
I've deleted a group-closing symbol because it seems to be
spurious, as in `$x}$'. But perhaps the } is legitimate and
you forgot something else, as in `\hbox{$x}'. In such cases
the way to recover is to insert both the forgotten and the
deleted material, e.g., by typing `I$}'.

! Use of \@year@ doesn't match its definition.
\Y@andersen2011stakes ->\@year@ {
                                 2}{{\APACyear {2011}}}{{Andersen\ \BOthers ...
l.405 ...For example, in \cite{andersen2011stakes}
                                                   the authors raise the sta...
If you say, e.g., `\def\a1{...}', then you must always
put `1' after `\a', since control sequence names are
made up of letters only. The macro here has not been
followed by the required stuff, so I'm ignoring it.

! Extra }, or forgotten \endgroup.
\@ifauthorsunequalc@de ...tra@b@citeb \endcsname }
                                                  \hyper@natlinkend \fi \let...
l.405 ...For example, in \cite{andersen2011stakes}
                                                   the authors raise the sta...
I've deleted a group-closing symbol because it seems to be
spurious, as in `$x}$'. But perhaps the } is legitimate and
you forgot something else, as in `\hbox{$x}'. In such cases
the way to recover is to insert both the forgotten and the
deleted material, e.g., by typing `I$}'.

! Use of \@year@ doesn't match its definition.
\Y@henrich2005economic ->\@year@ {
                                  31}{{\APACyear {2005}}}{{J.~Henrich\ \BOth...
l.405 ...linary work of \cite{henrich2005economic}
                                                   who employed the ultimatu...
If you say, e.g., `\def\a1{...}', then you must always
put `1' after `\a', since control sequence names are
made up of letters only. The macro here has not been
followed by the required stuff, so I'm ignoring it.

! Extra }, or forgotten \endgroup.
\@ifauthorsunequalc@de ...tra@b@citeb \endcsname }
                                                  \hyper@natlinkend \fi \let...
l.405 ...linary work of \cite{henrich2005economic}
                                                   who employed the ultimatu...
I've deleted a group-closing symbol because it seems to be
spurious, as in `$x}$'. But perhaps the } is legitimate and
you forgot something else, as in `\hbox{$x}'. In such cases
the way to recover is to insert both the forgotten and the
deleted material, e.g., by typing `I$}'.

! Use of \@year@ doesn't match its definition.
\Y@levitt2007laboratory ->\@year@ {
                                   37}{{\APACyear {2007}}}{{Levitt\ \BBA {} ...
l.407 ...is offered in \cite{levitt2007laboratory}
                                                   where the authors raise l...
If you say, e.g., `\def\a1{...}', then you must always
put `1' after `\a', since control sequence names are
made up of letters only. The macro here has not been
followed by the required stuff, so I'm ignoring it.

! Extra }, or forgotten \endgroup.
\@ifauthorsunequalc@de ...tra@b@citeb \endcsname }
                                                  \hyper@natlinkend \fi \let...
l.407 ...is offered in \cite{levitt2007laboratory}
                                                   where the authors raise l...
I've deleted a group-closing symbol because it seems to be
spurious, as in `$x}$'. But perhaps the } is legitimate and
you forgot something else, as in `\hbox{$x}'. In such cases
the way to recover is to insert both the forgotten and the
deleted material, e.g., by typing `I$}'.

[20]
! Undefined control sequence.
l.417 ...f interest in behavioral economics \citep
                                                  {camerer1999effects} and i...
The control sequence at the end of the top line
of your error message was never \def'ed. If you have
misspelled it (e.g., `\hobx'), type `I' and the correct
spelling (e.g., `I\hbox'). Otherwise just continue,
and I'll forget about whatever was undefined.

! Undefined control sequence.
<argument> ...ivate jet on standby all day \citep 
                                                  [p.~60]{camerer2011behavio...
l.417 ...y \citep[p.~60]{camerer2011behavioral}."}
                                                  
The control sequence at the end of the top line
of your error message was never \def'ed. If you have
misspelled it (e.g., `\hobx'), type `I' and the correct
spelling (e.g., `I\hbox'). Otherwise just continue,
and I'll forget about whatever was undefined.


Underfull \hbox (badness 10000) in paragraph at lines 417--419

 []

[21]
Underfull \hbox (badness 10000) in paragraph at lines 420--422

 []

! Use of \@year@ doesn't match its definition.
\Y@barmettler2012big ->\@year@ {
                                4}{{\APACyear {2012}}}{{Barmettler\ \BOthers...
l.427 ...ore prosocially. \cite{barmettler2012big}
                                                   employ a novel experiment...
If you say, e.g., `\def\a1{...}', then you must always
put `1' after `\a', since control sequence names are
made up of letters only. The macro here has not been
followed by the required stuff, so I'm ignoring it.

! Extra }, or forgotten \endgroup.
\@ifauthorsunequalc@de ...tra@b@citeb \endcsname }
                                                  \hyper@natlinkend \fi \let...
l.427 ...ore prosocially. \cite{barmettler2012big}
                                                   employ a novel experiment...
I've deleted a group-closing symbol because it seems to be
spurious, as in `$x}$'. But perhaps the } is legitimate and
you forgot something else, as in `\hbox{$x}'. In such cases
the way to recover is to insert both the forgotten and the
deleted material, e.g., by typing `I$}'.


Underfull \hbox (badness 10000) in paragraph at lines 429--431

 []

[22]
Underfull \hbox (badness 10000) in paragraph at lines 432--434

 []

! Undefined control sequence.
l.435 ... "Community" or "Wall Street" game \citep
                                                  {ward1997naive}, framing t...
The control sequence at the end of the top line
of your error message was never \def'ed. If you have
misspelled it (e.g., `\hobx'), type `I' and the correct
spelling (e.g., `I\hbox'). Otherwise just continue,
and I'll forget about whatever was undefined.

! Undefined control sequence.
l.435 ...tive externality or a negative one \citep
                                                  {Andreoni1995}.
The control sequence at the end of the top line
of your error message was never \def'ed. If you have
misspelled it (e.g., `\hobx'), type `I' and the correct
spelling (e.g., `I\hbox'). Otherwise just continue,
and I'll forget about whatever was undefined.


Underfull \hbox (badness 10000) in paragraph at lines 439--441

 []


Underfull \hbox (badness 10000) in paragraph at lines 442--444

 []

[23]
! Use of \@year@ doesn't match its definition.
\Y@falk2013lab ->\@year@ {
                          18}{{\APACyear {2013}}}{{Falk\ \BOthers {.}}}{{Fal...
l.447 \cite{falk2013lab}
                         provide an interesting study of this question where...
If you say, e.g., `\def\a1{...}', then you must always
put `1' after `\a', since control sequence names are
made up of letters only. The macro here has not been
followed by the required stuff, so I'm ignoring it.

! Extra }, or forgotten \endgroup.
\@ifauthorsunequalc@de ...tra@b@citeb \endcsname }
                                                  \hyper@natlinkend \fi \let...
l.447 \cite{falk2013lab}
                         provide an interesting study of this question where...
I've deleted a group-closing symbol because it seems to be
spurious, as in `$x}$'. But perhaps the } is legitimate and
you forgot something else, as in `\hbox{$x}'. In such cases
the way to recover is to insert both the forgotten and the
deleted material, e.g., by typing `I$}'.

! Undefined control sequence.
l.453 ...to be more prosocial than students \citep
                                                  {fehr2004hidden}.
The control sequence at the end of the top line
of your error message was never \def'ed. If you have
misspelled it (e.g., `\hobx'), type `I' and the correct
spelling (e.g., `I\hbox'). Otherwise just continue,
and I'll forget about whatever was undefined.

! Use of \@year@ doesn't match its definition.
\Y@henrich2005economic ->\@year@ {
                                  31}{{\APACyear {2005}}}{{J.~Henrich\ \BOth...
l.455 ...s performed by \cite{henrich2005economic}
                                                  . Even though they report ...
If you say, e.g., `\def\a1{...}', then you must always
put `1' after `\a', since control sequence names are
made up of letters only. The macro here has not been
followed by the required stuff, so I'm ignoring it.

! Extra }, or forgotten \endgroup.
\@ifauthorsunequalc@de ...tra@b@citeb \endcsname }
                                                  \hyper@natlinkend \fi \let...
l.455 ...s performed by \cite{henrich2005economic}
                                                  . Even though they report ...
I've deleted a group-closing symbol because it seems to be
spurious, as in `$x}$'. But perhaps the } is legitimate and
you forgot something else, as in `\hbox{$x}'. In such cases
the way to recover is to insert both the forgotten and the
deleted material, e.g., by typing `I$}'.

[24]
! Use of \@year@ doesn't match its definition.
\Y@Fehr1999 ->\@year@ {
                       25}{{\APACyear {1999}}}{{Fehr\ \BBA {} Schmidt}}{{Feh...
l.462 ...ity aversion developed in \cite{Fehr1999}
                                                   is a proposal for such a ...
If you say, e.g., `\def\a1{...}', then you must always
put `1' after `\a', since control sequence names are
made up of letters only. The macro here has not been
followed by the required stuff, so I'm ignoring it.

! Extra }, or forgotten \endgroup.
\@ifauthorsunequalc@de ...tra@b@citeb \endcsname }
                                                  \hyper@natlinkend \fi \let...
l.462 ...ity aversion developed in \cite{Fehr1999}
                                                   is a proposal for such a ...
I've deleted a group-closing symbol because it seems to be
spurious, as in `$x}$'. But perhaps the } is legitimate and
you forgot something else, as in `\hbox{$x}'. In such cases
the way to recover is to insert both the forgotten and the
deleted material, e.g., by typing `I$}'.

[25]
! Use of \@year@ doesn't match its definition.
\Y@Eckel2010 ->\@year@ {
                        15}{{\APACyear {2010}}}{{Eckel\ \BBA {} Gintis}}{{Ec...
l.483 ...ism from the individual. \cite{Eckel2010}
                                                   report the magnitudes of ...
If you say, e.g., `\def\a1{...}', then you must always
put `1' after `\a', since control sequence names are
made up of letters only. The macro here has not been
followed by the required stuff, so I'm ignoring it.

! Extra }, or forgotten \endgroup.
\@ifauthorsunequalc@de ...tra@b@citeb \endcsname }
                                                  \hyper@natlinkend \fi \let...
l.483 ...ism from the individual. \cite{Eckel2010}
                                                   report the magnitudes of ...
I've deleted a group-closing symbol because it seems to be
spurious, as in `$x}$'. But perhaps the } is legitimate and
you forgot something else, as in `\hbox{$x}'. In such cases
the way to recover is to insert both the forgotten and the
deleted material, e.g., by typing `I$}'.

[26]
! Use of \@year@ doesn't match its definition.
\Y@henrich2007humans ->\@year@ {
                                32}{{\APACyear {2007}}}{{N.~Henrich\ \BBA {}...
l.536 ...successfully cooperate with their peers.}
                                                  .
If you say, e.g., `\def\a1{...}', then you must always
put `1' after `\a', since control sequence names are
made up of letters only. The macro here has not been
followed by the required stuff, so I'm ignoring it.

! Extra }, or forgotten \endgroup.
\@ifauthorsunequalc@de ...tra@b@citeb \endcsname }
                                                  \hyper@natlinkend \fi \let...
l.536 ...successfully cooperate with their peers.}
                                                  .
I've deleted a group-closing symbol because it seems to be
spurious, as in `$x}$'. But perhaps the } is legitimate and
you forgot something else, as in `\hbox{$x}'. In such cases
the way to recover is to insert both the forgotten and the
deleted material, e.g., by typing `I$}'.

[27]
! Use of \@year@ doesn't match its definition.
\Y@fehr2007fairness ->\@year@ {
                               23}{{\APACyear {2007}}}{{Fehr\ \BOthers {.}}}...
l.554 In \cite{fehr2007fairness}
                                 a cohort of individuals are randomly select...
If you say, e.g., `\def\a1{...}', then you must always
put `1' after `\a', since control sequence names are
made up of letters only. The macro here has not been
followed by the required stuff, so I'm ignoring it.

! Extra }, or forgotten \endgroup.
\@ifauthorsunequalc@de ...tra@b@citeb \endcsname }
                                                  \hyper@natlinkend \fi \let...
l.554 In \cite{fehr2007fairness}
                                 a cohort of individuals are randomly select...
I've deleted a group-closing symbol because it seems to be
spurious, as in `$x}$'. But perhaps the } is legitimate and
you forgot something else, as in `\hbox{$x}'. In such cases
the way to recover is to insert both the forgotten and the
deleted material, e.g., by typing `I$}'.

[28]
LaTeX Font Info:    Try loading font information for OMS+cmr on input line 559.

 (/usr/share/texlive/texmf-dist/tex/latex/base/omscmr.fd
File: omscmr.fd 2014/09/29 v2.5h Standard LaTeX font definitions
)
LaTeX Font Info:    Font shape `OMS/cmr/m/n' in size <12> not available
(Font)              Font shape `OMS/cmsy/m/n' tried instead on input line 559.

! Use of \@year@ doesn't match its definition.
\Y@fehr2007fairness ->\@year@ {
                               23}{{\APACyear {2007}}}{{Fehr\ \BOthers {.}}}...
l.568 \cite{fehr2007fairness}
                              features two different experiments, one where ...
If you say, e.g., `\def\a1{...}', then you must always
put `1' after `\a', since control sequence names are
made up of letters only. The macro here has not been
followed by the required stuff, so I'm ignoring it.

! Extra }, or forgotten \endgroup.
\@ifauthorsunequalc@de ...tra@b@citeb \endcsname }
                                                  \hyper@natlinkend \fi \let...
l.568 \cite{fehr2007fairness}
                              features two different experiments, one where ...
I've deleted a group-closing symbol because it seems to be
spurious, as in `$x}$'. But perhaps the } is legitimate and
you forgot something else, as in `\hbox{$x}'. In such cases
the way to recover is to insert both the forgotten and the
deleted material, e.g., by typing `I$}'.

[29] <bonusincentive.png, id=344, 1405.25pt x 895.345pt>
File: bonusincentive.png Graphic file (type png)

<use bonusincentive.png>
Package pdftex.def Info: bonusincentive.png used on input line 575.
(pdftex.def)             Requested size: 390.0pt x 248.48167pt.

! Use of \@year@ doesn't match its definition.
\Y@fehr2007fairness ->\@year@ {
                               23}{{\APACyear {2007}}}{{Fehr\ \BOthers {.}}}...
l.576 	 Source: \cite{fehr2007fairness}
                                       
If you say, e.g., `\def\a1{...}', then you must always
put `1' after `\a', since control sequence names are
made up of letters only. The macro here has not been
followed by the required stuff, so I'm ignoring it.

! Extra }, or forgotten \endgroup.
\@ifauthorsunequalc@de ...tra@b@citeb \endcsname }
                                                  \hyper@natlinkend \fi \let...
l.576 	 Source: \cite{fehr2007fairness}
                                       
I've deleted a group-closing symbol because it seems to be
spurious, as in `$x}$'. But perhaps the } is legitimate and
you forgot something else, as in `\hbox{$x}'. In such cases
the way to recover is to insert both the forgotten and the
deleted material, e.g., by typing `I$}'.

[30 <./bonusincentive.png>]
! Use of \@year@ doesn't match its definition.
\Y@dhami2016foundations ->\@year@ {
                                   13}{{\APACyear {2016}}}{{Dhami}}{{Dhami}}
l.583 ...llows closely \cite{dhami2016foundations}
                                                  .
If you say, e.g., `\def\a1{...}', then you must always
put `1' after `\a', since control sequence names are
made up of letters only. The macro here has not been
followed by the required stuff, so I'm ignoring it.

! Extra }, or forgotten \endgroup.
\@ifauthorsunequalc@de ...tra@b@citeb \endcsname }
                                                  \hyper@natlinkend \fi \let...
l.583 ...llows closely \cite{dhami2016foundations}
                                                  .
I've deleted a group-closing symbol because it seems to be
spurious, as in `$x}$'. But perhaps the } is legitimate and
you forgot something else, as in `\hbox{$x}'. In such cases
the way to recover is to insert both the forgotten and the
deleted material, e.g., by typing `I$}'.

! Use of \@year@ doesn't match its definition.
\Y@Eckel2010 ->\@year@ {
                        15}{{\APACyear {2010}}}{{Eckel\ \BBA {} Gintis}}{{Ec...
l.604 ...er estimates gathered in \cite{Eckel2010}
                                                   show more support for the...
If you say, e.g., `\def\a1{...}', then you must always
put `1' after `\a', since control sequence names are
made up of letters only. The macro here has not been
followed by the required stuff, so I'm ignoring it.

! Extra }, or forgotten \endgroup.
\@ifauthorsunequalc@de ...tra@b@citeb \endcsname }
                                                  \hyper@natlinkend \fi \let...
l.604 ...er estimates gathered in \cite{Eckel2010}
                                                   show more support for the...
I've deleted a group-closing symbol because it seems to be
spurious, as in `$x}$'. But perhaps the } is legitimate and
you forgot something else, as in `\hbox{$x}'. In such cases
the way to recover is to insert both the forgotten and the
deleted material, e.g., by typing `I$}'.

[31] [32] [33]
! Use of \@year@ doesn't match its definition.
\Y@fehr2007adding ->\@year@ {
                             26}{{\APACyear {2007}}}{{Fehr\ \BBA {} Schmidt}...
l.671 \cite{fehr2007adding}
                            extend the results from \cite{fehr2007fairness} ...
If you say, e.g., `\def\a1{...}', then you must always
put `1' after `\a', since control sequence names are
made up of letters only. The macro here has not been
followed by the required stuff, so I'm ignoring it.

! Extra }, or forgotten \endgroup.
\@ifauthorsunequalc@de ...tra@b@citeb \endcsname }
                                                  \hyper@natlinkend \fi \let...
l.671 \cite{fehr2007adding}
                            extend the results from \cite{fehr2007fairness} ...
I've deleted a group-closing symbol because it seems to be
spurious, as in `$x}$'. But perhaps the } is legitimate and
you forgot something else, as in `\hbox{$x}'. In such cases
the way to recover is to insert both the forgotten and the
deleted material, e.g., by typing `I$}'.

! Use of \@year@ doesn't match its definition.
\Y@fehr2007fairness ->\@year@ {
                               23}{{\APACyear {2007}}}{{Fehr\ \BOthers {.}}}...
l.671 ... the results from \cite{fehr2007fairness}
                                                   by combining the fine fro...
If you say, e.g., `\def\a1{...}', then you must always
put `1' after `\a', since control sequence names are
made up of letters only. The macro here has not been
followed by the required stuff, so I'm ignoring it.

! Extra }, or forgotten \endgroup.
\@ifauthorsunequalc@de ...tra@b@citeb \endcsname }
                                                  \hyper@natlinkend \fi \let...
l.671 ... the results from \cite{fehr2007fairness}
                                                   by combining the fine fro...
I've deleted a group-closing symbol because it seems to be
spurious, as in `$x}$'. But perhaps the } is legitimate and
you forgot something else, as in `\hbox{$x}'. In such cases
the way to recover is to insert both the forgotten and the
deleted material, e.g., by typing `I$}'.

[34]
! Use of \@year@ doesn't match its definition.
\Y@ioannidis2005most ->\@year@ {
                                35}{{\APACyear {2005}}}{{J\BPBI P\BPBI A.~Io...
l.683 ...elevant results. \cite{ioannidis2005most}
                                                   provides a good introduct...
If you say, e.g., `\def\a1{...}', then you must always
put `1' after `\a', since control sequence names are
made up of letters only. The macro here has not been
followed by the required stuff, so I'm ignoring it.

! Extra }, or forgotten \endgroup.
\@ifauthorsunequalc@de ...tra@b@citeb \endcsname }
                                                  \hyper@natlinkend \fi \let...
l.683 ...elevant results. \cite{ioannidis2005most}
                                                   provides a good introduct...
I've deleted a group-closing symbol because it seems to be
spurious, as in `$x}$'. But perhaps the } is legitimate and
you forgot something else, as in `\hbox{$x}'. In such cases
the way to recover is to insert both the forgotten and the
deleted material, e.g., by typing `I$}'.

! Use of \@year@ doesn't match its definition.
\Y@ioannidis2017power ->\@year@ {
                                 34}{{\APACyear {2017}}}{{J.~Ioannidis\ \BOt...
l.683 ...o this problem. \cite{ioannidis2017power}
                                                   deals directly with Econo...
If you say, e.g., `\def\a1{...}', then you must always
put `1' after `\a', since control sequence names are
made up of letters only. The macro here has not been
followed by the required stuff, so I'm ignoring it.

! Extra }, or forgotten \endgroup.
\@ifauthorsunequalc@de ...tra@b@citeb \endcsname }
                                                  \hyper@natlinkend \fi \let...
l.683 ...o this problem. \cite{ioannidis2017power}
                                                   deals directly with Econo...
I've deleted a group-closing symbol because it seems to be
spurious, as in `$x}$'. But perhaps the } is legitimate and
you forgot something else, as in `\hbox{$x}'. In such cases
the way to recover is to insert both the forgotten and the
deleted material, e.g., by typing `I$}'.


Overfull \hbox (28.3966pt too wide) in paragraph at lines 683--684
\OT1/cmr/m/n/12 disJ. P. A. Ioan-ni-dis[]) pro-vides a good in-tro-duc-tion to 
this prob-lem. [][]342017J. Ioan-
 []


Overfull \hbox (14.82777pt too wide) in paragraph at lines 683--684
\OT1/cmr/m/n/12 ni-dis et al.[]J. Ioan-ni-dis, Stan-ley, & Doucou-lia-gos[], []
342017J. Ioan-ni-dis et al.[]J. Ioan-
 []

[35] (./tese.bbl [36] [37] [38]) [39]
Underfull \hbox (badness 10000) in paragraph at lines 733--735

 []

Package atveryend Info: Empty hook `BeforeClearDocument' on input line 889.
[40]
Package atveryend Info: Empty hook `AfterLastShipout' on input line 889.
 (./tese.aux)
Package atveryend Info: Executing hook `AtVeryEndDocument' on input line 889.
Package atveryend Info: Empty hook `AtEndAfterFileList' on input line 889.


LaTeX Warning: Label(s) may have changed. Rerun to get cross-references right.

Package atveryend Info: Empty hook `AtVeryVeryEnd' on input line 889.
 ) 
Here is how much of TeX's memory you used:
 7394 strings out of 493029
 105026 string characters out of 6136233
 201839 words of memory out of 5000000
 10666 multiletter control sequences out of 15000+600000
 17040 words of font info for 59 fonts, out of 8000000 for 9000
 1141 hyphenation exceptions out of 8191
 35i,19n,30p,1479b,491s stack positions out of 5000i,500n,10000p,200000b,80000s
</usr/share/texlive/texmf-dist/fonts/type1/public/amsfonts/cm/cmbx12.pfb></us
r/share/texlive/texmf-dist/fonts/type1/public/amsfonts/cm/cmbx8.pfb></usr/share
/texlive/texmf-dist/fonts/type1/public/amsfonts/cm/cmex10.pfb></usr/share/texli
ve/texmf-dist/fonts/type1/public/amsfonts/cm/cmmi10.pfb></usr/share/texlive/tex
mf-dist/fonts/type1/public/amsfonts/cm/cmmi12.pfb></usr/share/texlive/texmf-dis
t/fonts/type1/public/amsfonts/cm/cmmi6.pfb></usr/share/texlive/texmf-dist/fonts
/type1/public/amsfonts/cm/cmmi7.pfb></usr/share/texlive/texmf-dist/fonts/type1/
public/amsfonts/cm/cmmi8.pfb></usr/share/texlive/texmf-dist/fonts/type1/public/
amsfonts/cm/cmr10.pfb></usr/share/texlive/texmf-dist/fonts/type1/public/amsfont
s/cm/cmr12.pfb></usr/share/texlive/texmf-dist/fonts/type1/public/amsfonts/cm/cm
r17.pfb></usr/share/texlive/texmf-dist/fonts/type1/public/amsfonts/cm/cmr6.pfb>
</usr/share/texlive/texmf-dist/fonts/type1/public/amsfonts/cm/cmr7.pfb></usr/sh
are/texlive/texmf-dist/fonts/type1/public/amsfonts/cm/cmr8.pfb></usr/share/texl
ive/texmf-dist/fonts/type1/public/amsfonts/cm/cmsy10.pfb></usr/share/texlive/te
xmf-dist/fonts/type1/public/amsfonts/cm/cmsy8.pfb></usr/share/texlive/texmf-dis
t/fonts/type1/public/amsfonts/cm/cmti12.pfb>
Output written on tese.pdf (42 pages, 460095 bytes).
PDF statistics:
 589 PDF objects out of 1000 (max. 8388607)
 511 compressed objects within 6 object streams
 144 named destinations out of 1000 (max. 500000)
 167 words of extra memory for PDF output out of 10000 (max. 10000000)

